ðŸš€ Starting improved model training with regularization...
   This will find the best L1/L2 regularization parameters
   to prevent overfitting.

====================================================================================================
ðŸ¤– TRAINING MODEL WITH REGULARIZATION
====================================================================================================

ðŸ“Š Loading training data...
   Total documents with feedback: 100
   Train set: 80 documents
   Validation set: 20 documents

ðŸ”„ Preparing training features...
   Extracting words from PDFs...
   Doc 20251111_050729_2025-11-11_050532_41704_55.pdf: 5 corrected, 4 non-corrected
[Learner] Labeled event_date: '08 December 2024' (exact match at position 20)
[Learner] Labeled event_location: 'Jl. Medokan Ayu No. 5
Kota Administrasi Jakarta Timur, Kalimantan Selatan 24730' (exact match at position 24)
[Learner] Labeled issue_place: 'Tanah Bumbu' (fuzzy match at position 36, excluding punctuation)
[Learner] Labeled issue_date: '13 December 2024' (exact match at position 38)
[Learner] Labeled supervisor_name: 'Clara Wasita, S.IP' (fuzzy match at position 44, excluding punctuation)
[Learner] Labeled certificate_number: '3319/CVC/12/2024' (exact match at position 4)
[Learner] Labeled chairman_name: 'Ulva Nuraini' (fuzzy match at position 47, excluding punctuation)
[Learner] Labeled event_name: 'Workshop Purchasing manager' (fuzzy match at position 13, excluding punctuation)
[Learner] Labeled recipient_name: 'Agnes Kuswoyo' (exact match at position 7)
   Doc 20251111_050822_2025-11-11_050552_549109_88.pdf: 6 corrected, 3 non-corrected
[Learner] Labeled event_name: 'Seminar Sport and exercise psychologist' (fuzzy match at position 13, excluding punctuation)
[Learner] Labeled event_date: '18 December 2024' (exact match at position 22)
[Learner] Labeled event_location: 'Gg. Kendalsari No. 15
Bandar Lampung, Kalimantan Barat 55297' (exact match at position 26)
[Learner] Labeled issue_place: 'Pohuwato' (fuzzy match at position 35, excluding punctuation)
[Learner] Labeled issue_date: '27 December 2024' (exact match at position 36)
[Learner] Labeled supervisor_name: 'Erik Fujiati, S.Gz' (fuzzy match at position 42, excluding punctuation)
[Learner] Labeled certificate_number: '2044/CVC/12/2024' (exact match at position 4)
[Learner] Labeled chairman_name: 'Icha Budiman' (fuzzy match at position 45, excluding punctuation)
[Learner] Labeled recipient_name: 'Lidya Prasetyo' (exact match at position 7)
   Doc 20251111_050643_2025-11-11_050513_654072_26.pdf: 4 corrected, 5 non-corrected
[Learner] Labeled event_location: 'Gg. Cikutra Barat No. 93
Tidore Kepulauan, Sulawesi Selatan 62251' (exact match at position 25)
[Learner] Labeled issue_place: 'Natuna' (fuzzy match at position 35, excluding punctuation)
[Learner] Labeled issue_date: '11 April 2025' (exact match at position 36)
[Learner] Labeled supervisor_name: 'Harimurti Budiman' (fuzzy match at position 42, excluding punctuation)
[Learner] Labeled certificate_number: '3764/CVC/04/2025' (exact match at position 4)
[Learner] Labeled chairman_name: 'Hasta Maryati, S.Kom' (fuzzy match at position 44, excluding punctuation)
[Learner] Labeled event_date: '01 April 2025' (exact match at position 21)
[Learner] Labeled event_name: 'Workshop Chief Financial Officer' (fuzzy match at position 13, excluding punctuation)
[Learner] Labeled recipient_name: 'Zulfa Haryanti' (exact match at position 7)
   Doc 20251111_050709_2025-11-11_050524_363371_42.pdf: 4 corrected, 5 non-corrected
[Learner] Labeled event_location: 'Jl. Peta No. 54
Cirebon, BA 05110' (exact match at position 24)
[Learner] Labeled issue_place: 'Semarang' (fuzzy match at position 31, excluding punctuation)
[Learner] Labeled issue_date: '11 September 2025' (exact match at position 32)
[Learner] Labeled supervisor_name: 'Ihsan Simbolon' (fuzzy match at position 38, excluding punctuation)
[Learner] Labeled certificate_number: '8163/CVC/09/2025' (exact match at position 4)
[Learner] Labeled chairman_name: 'Eli Hutasoit' (fuzzy match at position 40, excluding punctuation)
[Learner] Labeled event_date: '30 August 2025' (exact match at position 20)
[Learner] Labeled event_name: 'Seminar Ambulance person' (fuzzy match at position 13, excluding punctuation)
[Learner] Labeled recipient_name: 'Gambira Kusmawati' (exact match at position 7)
   Doc 20251111_050752_2025-11-11_050541_82863_69.pdf: 4 corrected, 4 non-corrected
[Learner] Labeled event_name: 'Seminar Surveyor, building control' (fuzzy match at position 13, excluding punctuation)
[Learner] Labeled event_location: 'Gang Moch. Toha No. 855
Ambon, DKI Jakarta 56310' (exact match at position 25)
[Learner] Labeled issue_place: 'Kota Banjar' (fuzzy match at position 34, excluding punctuation)
[Learner] Labeled supervisor_name: 'H. Wawan Saefullah' (fuzzy match at position 42, excluding punctuation)
[Learner] Labeled certificate_number: '6704/CVC/04/2025' (exact match at position 4)
[Learner] Labeled chairman_name: 'Drs. Victoria Thamrin' (fuzzy match at position 45, excluding punctuation)
[Learner] Labeled event_date: '22 April 2025' (exact match at position 21)
[Learner] Labeled recipient_name: 'Betania Narpati' (exact match at position 7)
   Doc 20251111_050626_2025-11-11_050505_70315_15.pdf: 3 corrected, 4 non-corrected
[Learner] Labeled event_location: 'Jl. Rumah Sakit No. 560
Tanjungpinang, MA 72727' (exact match at position 24)
[Learner] Labeled issue_place: 'Kota Pekanbaru' (fuzzy match at position 32, excluding punctuation)
[Learner] Labeled supervisor_name: 'Harsana Mustofa' (fuzzy match at position 40, excluding punctuation)
[Learner] Labeled certificate_number: '1157/CVC/05/2025' (exact match at position 4)
[Learner] Labeled chairman_name: 'Vanesa Ramadan' (fuzzy match at position 42, excluding punctuation)
[Learner] Labeled event_name: 'Workshop Designer, textile' (fuzzy match at position 13, excluding punctuation)
[Learner] Labeled recipient_name: 'Imam Marbun' (exact match at position 7)
   Doc 20251111_050706_2025-11-11_050523_679384_40.pdf: 7 corrected, 2 non-corrected
[Learner] Labeled event_name: 'Seminar Environmental education officer' (fuzzy match at position 13, excluding punctuation)
[Learner] Labeled event_date: '06 September 2025' (exact match at position 21)
[Learner] Labeled event_location: 'Jalan R.E Martadinata No. 511
Sungai Penuh, Papua Barat 73393' (exact match at position 25)
[Learner] Labeled issue_place: 'Pangkajene Dan Kepulauan' (fuzzy match at position 35, excluding punctuation)
[Learner] Labeled issue_date: '15 September 2025' (exact match at position 38)
[Learner] Labeled supervisor_name: 'Hj. Paris Ramadan, M.Pd' (fuzzy match at position 44, excluding punctuation)
[Learner] Labeled chairman_name: 'Luluh Wibisono' (fuzzy match at position 48, excluding punctuation)
[Learner] Labeled certificate_number: '2665/CVC/09/2025' (exact match at position 4)
[Learner] Labeled recipient_name: 'Gasti Zulaika' (exact match at position 7)
   Doc 20251111_050834_2025-11-11_050557_481799_96.pdf: 5 corrected, 3 non-corrected
[Learner] Labeled recipient_name: 'Mala Permadi, S.T.' (exact match at position 7)
[Learner] Labeled event_name: 'Seminar Clothing/textile technologist' (fuzzy match at position 14, excluding punctuation)
[Learner] Labeled event_location: 'Gg. Rumah Sakit No. 680
Samarinda, Maluku Utara 50607' (exact match at position 25)
[Learner] Labeled issue_place: 'Lombok Tengah' (fuzzy match at position 34, excluding punctuation)
[Learner] Labeled supervisor_name: 'Ifa Pertiwi' (fuzzy match at position 42, excluding punctuation)
[Learner] Labeled certificate_number: '1725/CVC/08/2025' (exact match at position 4)
[Learner] Labeled chairman_name: 'Gilda Sihombing' (fuzzy match at position 44, excluding punctuation)
[Learner] Labeled event_date: '04 August 2025' (exact match at position 21)
   Doc 20251111_050617_2025-11-11_050502_241205_9.pdf: 4 corrected, 4 non-corrected
[Learner] Labeled event_location: 'Gg. Pasir Koja No. 3
Tidore Kepulauan, Nusa Tenggara Timur 64140' (exact match at position 23)
[Learner] Labeled issue_place: 'Jayawijaya' (fuzzy match at position 34, excluding punctuation)
[Learner] Labeled issue_date: '23 October 2025' (exact match at position 35)
[Learner] Labeled supervisor_name: 'Drs. Praba Halim' (fuzzy match at position 41, excluding punctuation)
[Learner] Labeled certificate_number: '2307/CVC/10/2025' (exact match at position 4)
[Learner] Labeled chairman_name: 'Tania Hakim, S.Pd' (fuzzy match at position 44, excluding punctuation)
[Learner] Labeled event_name: 'Training Immunologist' (fuzzy match at position 13, excluding punctuation)
[Learner] Labeled recipient_name: 'Belinda Sihotang' (exact match at position 7)
   Doc 20251111_050756_2025-11-11_050542_863300_72.pdf: 6 corrected, 3 non-corrected
[Learner] Labeled event_name: 'Workshop Community pharmacist' (fuzzy match at position 13, excluding punctuation)
[Learner] Labeled event_date: '02 November 2025' (exact match at position 20)
[Learner] Labeled event_location: 'Jl. Kapten Muslihat No. 75
Langsa, SU 02787' (exact match at position 24)
[Learner] Labeled issue_place: 'Bangka Barat' (fuzzy match at position 32, excluding punctuation)
[Learner] Labeled issue_date: '14 November 2025' (exact match at position 34)
[Learner] Labeled supervisor_name: 'Zamira Hariyah' (fuzzy match at position 40, excluding punctuation)
[Learner] Labeled certificate_number: '5388/CVC/11/2025' (exact match at position 4)
[Learner] Labeled chairman_name: 'Banawa Dabukke' (fuzzy match at position 42, excluding punctuation)
[Learner] Labeled recipient_name: 'Pranawa Mayasari' (exact match at position 7)
   Doc 20251111_050620_2025-11-11_050502_242445_11.pdf: 6 corrected, 3 non-corrected
[Learner] Labeled event_name: 'Workshop Health and safety adviser' (fuzzy match at position 13, excluding punctuation)
[Learner] Labeled event_date: '17 December 2024' (exact match at position 22)
[Learner] Labeled event_location: 'Gang Stasiun Wonokromo No. 39
Banjarbaru, Kalimantan Barat 00373' (exact match at position 26)
[Learner] Labeled issue_place: 'Kota Sorong' (fuzzy match at position 35, excluding punctuation)
[Learner] Labeled issue_date: '26 December 2024' (exact match at position 37)
[Learner] Labeled supervisor_name: 'Paris Marpaung' (fuzzy match at position 43, excluding punctuation)
[Learner] Labeled certificate_number: '4897/CVC/12/2024' (exact match at position 4)
[Learner] Labeled chairman_name: 'Emil Hartati' (fuzzy match at position 45, excluding punctuation)
[Learner] Labeled recipient_name: 'Belinda Riyanti' (exact match at position 7)
   Doc 20251111_050717_2025-11-11_050526_933582_47.pdf: 6 corrected, 3 non-corrected
[Learner] Labeled event_name: 'Seminar Manufacturing systems engineer' (fuzzy match at position 13, excluding punctuation)
[Learner] Labeled event_date: '23 February 2025' (exact match at position 21)
[Learner] Labeled event_location: 'Gang Joyoboyo No. 1
Tanjungbalai, Nusa Tenggara Timur 01360' (exact match at position 25)
[Learner] Labeled issue_place: 'Sambas' (fuzzy match at position 34, excluding punctuation)
[Learner] Labeled issue_date: '10 March 2025' (exact match at position 35)
[Learner] Labeled supervisor_name: 'Shakila Anggriawan' (fuzzy match at position 41, excluding punctuation)
[Learner] Labeled certificate_number: '9022/CVC/03/2025' (exact match at position 4)
[Learner] Labeled chairman_name: 'Taufan Saputra' (fuzzy match at position 43, excluding punctuation)
[Learner] Labeled recipient_name: 'Cinthia Ramadan' (exact match at position 7)
   Doc 20251111_050817_2025-11-11_050550_610163_85.pdf: 4 corrected, 4 non-corrected
[Learner] Labeled recipient_name: 'Garda Siregar, M.TI.' (exact match at position 7)
[Learner] Labeled event_location: 'Gg. Rawamangun No. 89
Bandar Lampung, SG 49631' (exact match at position 25)
[Learner] Labeled issue_place: 'Aceh Barat' (fuzzy match at position 33, excluding punctuation)
[Learner] Labeled supervisor_name: 'Gambira Saragih' (fuzzy match at position 41, excluding punctuation)
[Learner] Labeled certificate_number: '1308/CVC/06/2025' (exact match at position 4)
[Learner] Labeled chairman_name: 'Dagel Hariyah' (fuzzy match at position 43, excluding punctuation)
[Learner] Labeled event_date: '13 June 2025' (exact match at position 21)
[Learner] Labeled event_name: 'Workshop Air broker' (fuzzy match at position 14, excluding punctuation)
   Doc 20251111_050647_2025-11-11_050516_291673_28.pdf: 5 corrected, 4 non-corrected
[Learner] Labeled event_date: '06 November 2024' (exact match at position 20)
[Learner] Labeled event_location: 'Jalan Rumah Sakit No. 2
Pekalongan, Aceh 91961' (exact match at position 24)
[Learner] Labeled issue_place: 'Sinjai' (fuzzy match at position 32, excluding punctuation)
[Learner] Labeled issue_date: '13 November 2024' (exact match at position 33)
[Learner] Labeled supervisor_name: 'Ilyas Palastri' (fuzzy match at position 39, excluding punctuation)
[Learner] Labeled certificate_number: '806/CVC/11/2024' (exact match at position 4)
[Learner] Labeled chairman_name: 'Tania Pradana' (fuzzy match at position 41, excluding punctuation)
[Learner] Labeled event_name: 'Training Engineer, mining' (fuzzy match at position 13, excluding punctuation)
[Learner] Labeled recipient_name: 'Rosman Suryono' (exact match at position 7)
   Doc 20251111_050830_2025-11-11_050555_431667_93.pdf: 5 corrected, 4 non-corrected
[Learner] Labeled event_date: '07 November 2025' (exact match at position 19)
[Learner] Labeled event_location: 'Gang Sentot Alibasa No. 3
Pontianak, Kalimantan Utara 25787' (exact match at position 23)
[Learner] Labeled issue_place: 'Nduga' (fuzzy match at position 32, excluding punctuation)
[Learner] Labeled issue_date: '22 November 2025' (exact match at position 33)
[Learner] Labeled supervisor_name: 'Martaka Saefullah' (fuzzy match at position 39, excluding punctuation)
[Learner] Labeled certificate_number: '5776/CVC/11/2025' (exact match at position 4)
[Learner] Labeled chairman_name: 'Vanya Sitorus' (fuzzy match at position 41, excluding punctuation)
[Learner] Labeled event_name: 'Workshop Herpetologist' (fuzzy match at position 13, excluding punctuation)
[Learner] Labeled recipient_name: 'Baktiadi Gunawan' (exact match at position 7)
   Doc 20251111_050610_2025-11-11_050459_388260_5.pdf: 4 corrected, 3 non-corrected
[Learner] Labeled recipient_name: 'Rangga Rahmawati, M.Pd' (exact match at position 7)
[Learner] Labeled event_location: 'Jl. Jakarta No. 44
Blitar, YO 89097' (exact match at position 25)
[Learner] Labeled issue_place: 'Bener Meriah' (fuzzy match at position 32, excluding punctuation)
[Learner] Labeled supervisor_name: 'R. Putri Najmudin' (fuzzy match at position 40, excluding punctuation)
[Learner] Labeled certificate_number: '899/CVC/05/2025' (exact match at position 4)
[Learner] Labeled chairman_name: 'Bakijan Nasyiah' (fuzzy match at position 43, excluding punctuation)
[Learner] Labeled event_name: 'Training Quantity surveyor' (fuzzy match at position 14, excluding punctuation)
   Doc 20251111_050747_2025-11-11_050539_546891_66.pdf: 4 corrected, 5 non-corrected
[Learner] Labeled event_location: 'Jl. Rajawali Timur No. 2
Mataram, Banten 98642' (exact match at position 26)
[Learner] Labeled issue_place: 'Siak' (fuzzy match at position 34, excluding punctuation)
[Learner] Labeled issue_date: '21 March 2025' (exact match at position 35)
[Learner] Labeled supervisor_name: 'Dr. Iriana Widiastuti' (fuzzy match at position 41, excluding punctuation)
[Learner] Labeled certificate_number: '9663/CVC/03/2025' (exact match at position 4)
[Learner] Labeled chairman_name: 'Cornelia Sinaga' (fuzzy match at position 44, excluding punctuation)
[Learner] Labeled event_date: '06 March 2025' (exact match at position 22)
[Learner] Labeled event_name: 'Training Occupational hygienist' (fuzzy match at position 15, excluding punctuation)
[Learner] Labeled recipient_name: 'Tgk. Aslijan Purnawati, S.Gz' (exact match at position 7)
   Doc 20251111_050745_2025-11-11_050538_712910_65.pdf: 4 corrected, 5 non-corrected
[Learner] Labeled event_location: 'Jl. Waringin No. 74
Bitung, Lampung 46641' (exact match at position 24)
[Learner] Labeled issue_place: 'Sigi' (fuzzy match at position 31, excluding punctuation)
[Learner] Labeled issue_date: '28 March 2025' (exact match at position 32)
[Learner] Labeled supervisor_name: 'Yunita Padmasari, M.M.' (fuzzy match at position 38, excluding punctuation)
[Learner] Labeled certificate_number: '1853/CVC/03/2025' (exact match at position 4)
[Learner] Labeled chairman_name: 'Cinthia Marpaung' (fuzzy match at position 41, excluding punctuation)
[Learner] Labeled event_date: '13 March 2025' (exact match at position 20)
[Learner] Labeled event_name: 'Seminar Designer, furniture' (fuzzy match at position 13, excluding punctuation)
[Learner] Labeled recipient_name: 'Calista Mandala' (exact match at position 7)
   Doc 20251111_050658_2025-11-11_050519_125248_35.pdf: 4 corrected, 4 non-corrected
[Learner] Labeled event_name: 'Workshop Trade union research officer' (fuzzy match at position 13, excluding punctuation)
[Learner] Labeled event_location: 'Gang Yos Sudarso No. 10
Lhokseumawe, NB 26743' (exact match at position 26)
[Learner] Labeled issue_place: 'Gunung Mas' (fuzzy match at position 34, excluding punctuation)
[Learner] Labeled supervisor_name: 'Lega Anggraini' (fuzzy match at position 42, excluding punctuation)
[Learner] Labeled certificate_number: '7803/CVC/05/2025' (exact match at position 4)
[Learner] Labeled chairman_name: 'Maryadi Tamba' (fuzzy match at position 44, excluding punctuation)
[Learner] Labeled event_date: '29 April 2025' (exact match at position 22)
[Learner] Labeled recipient_name: 'Cahyo Wasita' (exact match at position 7)
   Doc 20251111_050628_2025-11-11_050508_20092_17.pdf: 4 corrected, 3 non-corrected
[Learner] Labeled recipient_name: 'Rina Hidayanto, S.H.' (exact match at position 7)
[Learner] Labeled event_location: 'Jalan Waringin No. 652
Depok, SG 82521' (exact match at position 25)
[Learner] Labeled issue_place: 'Kota Surakarta' (fuzzy match at position 32, excluding punctuation)
[Learner] Labeled supervisor_name: 'KH. Galar Winarsih' (fuzzy match at position 40, excluding punctuation)
[Learner] Labeled certificate_number: '1620/CVC/10/2024' (exact match at position 4)
[Learner] Labeled chairman_name: 'Halima Usada' (fuzzy match at position 43, excluding punctuation)
[Learner] Labeled event_name: 'Seminar Engineer, petroleum' (fuzzy match at position 14, excluding punctuation)
   Doc 20251111_050720_2025-11-11_050528_942834_49.pdf: 4 corrected, 5 non-corrected
[Learner] Labeled event_location: 'Gg. Astana Anyar No. 8
Yogyakarta, SU 12610' (exact match at position 24)
[Learner] Labeled issue_place: 'Tana Toraja' (fuzzy match at position 32, excluding punctuation)
[Learner] Labeled issue_date: '12 October 2025' (exact match at position 34)
[Learner] Labeled supervisor_name: 'Puti Lidya Palastri' (fuzzy match at position 40, excluding punctuation)
[Learner] Labeled certificate_number: '9697/CVC/10/2025' (exact match at position 4)
[Learner] Labeled chairman_name: 'Ana Putra' (fuzzy match at position 43, excluding punctuation)
[Learner] Labeled event_date: '01 October 2025' (exact match at position 20)
[Learner] Labeled event_name: 'Workshop Professor Emeritus' (fuzzy match at position 13, excluding punctuation)
[Learner] Labeled recipient_name: 'Bakidin Marpaung' (exact match at position 7)
   Doc 20251111_050656_2025-11-11_050519_122541_34.pdf: 5 corrected, 4 non-corrected
[Learner] Labeled recipient_name: 'Cut Julia Saefullah, S.T.' (exact match at position 7)
[Learner] Labeled event_location: 'Jalan Pelajar Pejuang No. 4
Pontianak, SG 67196' (exact match at position 26)
[Learner] Labeled issue_place: 'Seruyan' (fuzzy match at position 34, excluding punctuation)
[Learner] Labeled issue_date: '24 January 2025' (exact match at position 35)
[Learner] Labeled supervisor_name: 'Hj. Melinda Halimah' (fuzzy match at position 41, excluding punctuation)
[Learner] Labeled certificate_number: '1849/CVC/01/2025' (exact match at position 4)
[Learner] Labeled chairman_name: 'Iriana Gunarto, M.TI.' (fuzzy match at position 44, excluding punctuation)
[Learner] Labeled event_date: '10 January 2025' (exact match at position 22)
[Learner] Labeled event_name: 'Seminar Soil scientist' (fuzzy match at position 15, excluding punctuation)
   Doc 20251111_050613_2025-11-11_050459_388856_7.pdf: 5 corrected, 4 non-corrected
[Learner] Labeled event_date: '30 September 2025' (exact match at position 20)
[Learner] Labeled event_location: 'Jl. Cempaka No. 8
Parepare, Sulawesi Utara 56211' (exact match at position 24)
[Learner] Labeled issue_place: 'Pamekasan' (fuzzy match at position 32, excluding punctuation)
[Learner] Labeled issue_date: '08 October 2025' (exact match at position 33)
[Learner] Labeled supervisor_name: 'Dagel Yulianti' (fuzzy match at position 39, excluding punctuation)
[Learner] Labeled certificate_number: '9011/CVC/10/2025' (exact match at position 4)
[Learner] Labeled chairman_name: 'Paris Marpaung' (fuzzy match at position 41, excluding punctuation)
[Learner] Labeled event_name: 'Training Medical secretary' (fuzzy match at position 13, excluding punctuation)
[Learner] Labeled recipient_name: 'Cakrabirawa Yuliarti' (exact match at position 7)
   Doc 20251111_050833_2025-11-11_050557_481679_95.pdf: 5 corrected, 4 non-corrected
[Learner] Labeled event_name: 'Training Diagnostic radiographer' (fuzzy match at position 13, excluding punctuation)
[Learner] Labeled event_location: 'Gang Waringin No. 26
Pekalongan, Papua 50148' (exact match at position 24)
[Learner] Labeled issue_place: 'Karimun' (fuzzy match at position 31, excluding punctuation)
[Learner] Labeled issue_date: '11 March 2025' (exact match at position 32)
[Learner] Labeled supervisor_name: 'Opung Adriansyah, S.Sos' (fuzzy match at position 38, excluding punctuation)
[Learner] Labeled certificate_number: '2806/CVC/03/2025' (exact match at position 4)
[Learner] Labeled chairman_name: 'Patricia Permadi' (fuzzy match at position 41, excluding punctuation)
[Learner] Labeled event_date: '01 March 2025' (exact match at position 20)
[Learner] Labeled recipient_name: 'Yuliana Hakim' (exact match at position 7)
   Doc 20251111_050645_2025-11-11_050513_654784_27.pdf: 5 corrected, 4 non-corrected
[Learner] Labeled event_name: 'Seminar Administrator, Civil Service' (fuzzy match at position 14, excluding punctuation)
[Learner] Labeled event_location: 'Jl. Jend. Sudirman No. 7
Semarang, Jawa Timur 20956' (exact match at position 26)
[Learner] Labeled issue_place: 'Sarmi' (fuzzy match at position 35, excluding punctuation)
[Learner] Labeled issue_date: '21 January 2025' (exact match at position 36)
[Learner] Labeled supervisor_name: 'Febi Widodo' (fuzzy match at position 42, excluding punctuation)
[Learner] Labeled certificate_number: '755/CVC/01/2025' (exact match at position 4)
[Learner] Labeled chairman_name: 'Danang Susanti, S.Gz' (fuzzy match at position 44, excluding punctuation)
[Learner] Labeled event_date: '09 January 2025' (exact match at position 22)
[Learner] Labeled recipient_name: 'dr. Eka Anggriawan' (exact match at position 7)
   Doc 20251111_050632_2025-11-11_050508_5755_16.pdf: 5 corrected, 3 non-corrected
[Learner] Labeled event_date: '13 September 2025' (exact match at position 20)
[Learner] Labeled event_location: 'Gang Pasirkoja No. 9
Jayapura, YO 88072' (exact match at position 24)
[Learner] Labeled issue_place: 'Sijunjung' (fuzzy match at position 31, excluding punctuation)
[Learner] Labeled issue_date: '23 September 2025' (exact match at position 32)
[Learner] Labeled supervisor_name: 'Danu Sitompul, S.Sos' (fuzzy match at position 38, excluding punctuation)
[Learner] Labeled certificate_number: '7466/CVC/09/2025' (exact match at position 4)
[Learner] Labeled chairman_name: 'drg. Unggul Tampubolon' (fuzzy match at position 41, excluding punctuation)
[Learner] Labeled recipient_name: 'Oliva Puspita' (exact match at position 7)
   Doc 20251111_050811_2025-11-11_050548_261625_81.pdf: 4 corrected, 5 non-corrected
[Learner] Labeled event_location: 'Gang S. Parman No. 873
Kota Administrasi Jakarta Selatan, Papua 22990' (exact match at position 25)
[Learner] Labeled issue_place: 'Kubu Raya' (fuzzy match at position 36, excluding punctuation)
[Learner] Labeled issue_date: '19 October 2025' (exact match at position 38)
[Learner] Labeled supervisor_name: 'Eko Simanjuntak' (fuzzy match at position 44, excluding punctuation)
[Learner] Labeled certificate_number: '8774/CVC/10/2025' (exact match at position 4)
[Learner] Labeled chairman_name: 'Carub Zulkarnain' (fuzzy match at position 46, excluding punctuation)
[Learner] Labeled event_date: '13 October 2025' (exact match at position 21)
[Learner] Labeled event_name: 'Training Fish farm manager' (fuzzy match at position 13, excluding punctuation)
[Learner] Labeled recipient_name: 'Simon Maryadi' (exact match at position 7)
   Doc 20251111_050642_2025-11-11_050513_647013_25.pdf: 4 corrected, 4 non-corrected
[Learner] Labeled event_name: 'Seminar Equality and diversity officer' (fuzzy match at position 14, excluding punctuation)
[Learner] Labeled event_location: 'Gg. Cihampelas No. 6
Parepare, SU 10571' (exact match at position 27)
[Learner] Labeled issue_place: 'Kota Jayapura' (fuzzy match at position 34, excluding punctuation)
[Learner] Labeled supervisor_name: 'Estiono Usamah, S.Sos' (fuzzy match at position 42, excluding punctuation)
[Learner] Labeled certificate_number: '1021/CVC/07/2025' (exact match at position 4)
[Learner] Labeled chairman_name: 'Novi Kuswandari' (fuzzy match at position 45, excluding punctuation)
[Learner] Labeled event_date: '30 June 2025' (exact match at position 23)
[Learner] Labeled recipient_name: 'Erik Aryani, M.Pd' (exact match at position 7)
   Doc 20251111_050740_2025-11-11_050537_31321_62.pdf: 5 corrected, 4 non-corrected
[Learner] Labeled event_name: 'Seminar Computer games developer' (fuzzy match at position 14, excluding punctuation)
[Learner] Labeled event_location: 'Gg. Rungkut Industri No. 797
Banda Aceh, Papua 69348' (exact match at position 26)
[Learner] Labeled issue_place: 'Pati' (fuzzy match at position 35, excluding punctuation)
[Learner] Labeled issue_date: '11 May 2025' (exact match at position 36)
[Learner] Labeled supervisor_name: 'Balamantri Suryono' (fuzzy match at position 42, excluding punctuation)
[Learner] Labeled certificate_number: '5444/CVC/05/2025' (exact match at position 4)
[Learner] Labeled chairman_name: 'Balidin Nashiruddin' (fuzzy match at position 44, excluding punctuation)
[Learner] Labeled event_date: '26 April 2025' (exact match at position 22)
[Learner] Labeled recipient_name: 'Tgk. Hardi Susanti' (exact match at position 7)
   Doc 20251111_050623_2025-11-11_050505_63994_13.pdf: 4 corrected, 3 non-corrected
[Learner] Labeled event_name: 'Training Housing manager/officer' (fuzzy match at position 13, excluding punctuation)
[Learner] Labeled event_location: 'Jl. Dipenogoro No. 994
Kupang, MA 95604' (exact match at position 24)
[Learner] Labeled issue_place: 'Gorontalo' (fuzzy match at position 31, excluding punctuation)
[Learner] Labeled supervisor_name: 'Nasab Maryadi' (fuzzy match at position 38, excluding punctuation)
[Learner] Labeled certificate_number: '3311/CVC/05/2025' (exact match at position 4)
[Learner] Labeled chairman_name: 'Rizki Mahendra, M.Farm' (fuzzy match at position 40, excluding punctuation)
[Learner] Labeled recipient_name: 'Elvin Lailasari' (exact match at position 7)
   Doc 20251111_050640_2025-11-11_050513_626388_24.pdf: 3 corrected, 5 non-corrected
[Learner] Labeled event_location: 'Gg. Tubagus Ismail No. 9
Cirebon, Bali 74398' (exact match at position 25)
[Learner] Labeled issue_place: 'Kota Bontang' (fuzzy match at position 33, excluding punctuation)
[Learner] Labeled supervisor_name: 'Kezia Zulaika' (fuzzy match at position 41, excluding punctuation)
[Learner] Labeled certificate_number: '7598/CVC/08/2025' (exact match at position 4)
[Learner] Labeled chairman_name: 'KH. Cawisono Saptono' (fuzzy match at position 43, excluding punctuation)
[Learner] Labeled event_date: '15 August 2025' (exact match at position 21)
[Learner] Labeled event_name: 'Seminar Learning mentor' (fuzzy match at position 14, excluding punctuation)
[Learner] Labeled recipient_name: 'H. Garang Firgantoro' (exact match at position 7)
   Doc 20251111_050607_2025-11-11_050456_137229_3.pdf: 4 corrected, 4 non-corrected
[Learner] Labeled event_location: 'Jl. KH Amin Jasuta No. 5
Pasuruan, KI 86538' (exact match at position 24)
[Learner] Labeled issue_place: 'Pangandaran' (fuzzy match at position 33, excluding punctuation)
[Learner] Labeled issue_date: '07 February 2025' (exact match at position 34)
[Learner] Labeled supervisor_name: 'Prayogo Dongoran' (fuzzy match at position 40, excluding punctuation)
[Learner] Labeled certificate_number: '8861/CVC/02/2025' (exact match at position 4)
[Learner] Labeled chairman_name: 'Ami Saputra' (fuzzy match at position 42, excluding punctuation)
[Learner] Labeled event_name: 'Workshop Designer, multimedia' (fuzzy match at position 13, excluding punctuation)
[Learner] Labeled recipient_name: 'Lalita Uwais' (exact match at position 7)
   Doc 20251111_050629_2025-11-11_050508_21807_18.pdf: 5 corrected, 3 non-corrected
[Learner] Labeled event_name: 'Workshop Surveyor, hydrographic' (fuzzy match at position 13, excluding punctuation)
[Learner] Labeled event_location: 'Jalan Raya Setiabudhi No. 4
Palangkaraya, ST 68273' (exact match at position 24)
[Learner] Labeled issue_place: 'Kota Batu' (fuzzy match at position 32, excluding punctuation)
[Learner] Labeled issue_date: '21 June 2025' (exact match at position 34)
[Learner] Labeled supervisor_name: 'Zaenab Tampubolon, S.I.Kom' (fuzzy match at position 40, excluding punctuation)
[Learner] Labeled certificate_number: '7309/CVC/06/2025' (exact match at position 4)
[Learner] Labeled chairman_name: 'Wira Lailasari' (fuzzy match at position 43, excluding punctuation)
[Learner] Labeled recipient_name: 'Paramita Dabukke' (exact match at position 7)
   Doc 20251111_050703_2025-11-11_050521_703939_38.pdf: 4 corrected, 4 non-corrected
[Learner] Labeled event_name: 'Workshop Housing manager/officer' (fuzzy match at position 14, excluding punctuation)
[Learner] Labeled event_location: 'Gang Rajawali Barat No. 502
Sawahlunto, PB 01976' (exact match at position 25)
[Learner] Labeled issue_place: 'Lampung Tengah' (fuzzy match at position 33, excluding punctuation)
[Learner] Labeled supervisor_name: 'drg. Mila Sihombing' (fuzzy match at position 41, excluding punctuation)
[Learner] Labeled certificate_number: '5747/CVC/07/2025' (exact match at position 4)
[Learner] Labeled chairman_name: 'Dr. Ira Permadi, S.I.Kom' (fuzzy match at position 44, excluding punctuation)
[Learner] Labeled event_date: '11 July 2025' (exact match at position 21)
[Learner] Labeled recipient_name: 'Bajragin Handayani, S.Gz' (exact match at position 7)
   Doc 20251111_050615_2025-11-11_050502_240454_8.pdf: 3 corrected, 4 non-corrected
[Learner] Labeled event_location: 'Gang Otto Iskandardinata No. 859
Subulussalam, Sulawesi Tengah 70188' (exact match at position 26)
[Learner] Labeled issue_place: 'Buton Tengah' (fuzzy match at position 35, excluding punctuation)
[Learner] Labeled supervisor_name: 'Vanya Suwarno' (fuzzy match at position 43, excluding punctuation)
[Learner] Labeled certificate_number: '4567/CVC/03/2025' (exact match at position 4)
[Learner] Labeled chairman_name: 'Kamidin Latupono' (fuzzy match at position 45, excluding punctuation)
[Learner] Labeled event_name: 'Seminar Travel agency manager' (fuzzy match at position 14, excluding punctuation)
[Learner] Labeled recipient_name: 'Ulya Hakim, S.Gz' (exact match at position 7)
   Doc 20251111_050806_2025-11-11_050547_192089_78.pdf: 4 corrected, 5 non-corrected
[Learner] Labeled event_location: 'Jl. Ronggowarsito No. 78
Pekanbaru, SU 72322' (exact match at position 24)
[Learner] Labeled issue_place: 'Kota Medan' (fuzzy match at position 31, excluding punctuation)
[Learner] Labeled issue_date: '20 January 2025' (exact match at position 33)
[Learner] Labeled supervisor_name: 'drg. Vinsen Maheswara, S.E.' (fuzzy match at position 39, excluding punctuation)
[Learner] Labeled certificate_number: '4510/CVC/01/2025' (exact match at position 4)
[Learner] Labeled chairman_name: 'Unjani Lestari' (fuzzy match at position 43, excluding punctuation)
[Learner] Labeled event_date: '12 January 2025' (exact match at position 20)
[Learner] Labeled event_name: 'Workshop Risk manager' (fuzzy match at position 13, excluding punctuation)
[Learner] Labeled recipient_name: 'Sidiq Lazuardi' (exact match at position 7)
   Doc 20251111_050612_2025-11-11_050459_388577_6.pdf: 4 corrected, 4 non-corrected
[Learner] Labeled event_location: 'Jalan W.R. Supratman No. 039
Solok, Riau 49598' (exact match at position 23)
[Learner] Labeled issue_place: 'Bener Meriah' (fuzzy match at position 31, excluding punctuation)
[Learner] Labeled issue_date: '31 October 2024' (exact match at position 33)
[Learner] Labeled supervisor_name: 'Restu Simanjuntak' (fuzzy match at position 39, excluding punctuation)
[Learner] Labeled certificate_number: '1649/CVC/10/2024' (exact match at position 4)
[Learner] Labeled chairman_name: 'Yance Mahendra, S.Pd' (fuzzy match at position 41, excluding punctuation)
[Learner] Labeled event_name: 'Training Dramatherapist' (fuzzy match at position 13, excluding punctuation)
[Learner] Labeled recipient_name: 'Muhammad Manullang' (exact match at position 7)
   Doc 20251111_050744_2025-11-11_050538_48869_64.pdf: 5 corrected, 4 non-corrected
[Learner] Labeled recipient_name: 'Dr. Maya Sudiati, M.TI.' (exact match at position 7)
[Learner] Labeled event_location: 'Jl. Pasirkoja No. 5
Cirebon, SS 51390' (exact match at position 26)
[Learner] Labeled issue_place: 'Lanny Jaya' (fuzzy match at position 33, excluding punctuation)
[Learner] Labeled issue_date: '22 March 2025' (exact match at position 35)
[Learner] Labeled supervisor_name: 'Harto Mardhiyah' (fuzzy match at position 41, excluding punctuation)
[Learner] Labeled certificate_number: '4089/CVC/03/2025' (exact match at position 4)
[Learner] Labeled chairman_name: 'Praba Santoso' (fuzzy match at position 43, excluding punctuation)
[Learner] Labeled event_date: '14 March 2025' (exact match at position 22)
[Learner] Labeled event_name: 'Training Engineer, maintenance' (fuzzy match at position 15, excluding punctuation)
   Doc 20251111_050659_2025-11-11_050521_225336_36.pdf: 4 corrected, 4 non-corrected
[Learner] Labeled event_date: '28 September 2025' (exact match at position 22)
[Learner] Labeled event_location: 'Jl. Raya Setiabudhi No. 5
Cimahi, NB 96724' (exact match at position 26)
[Learner] Labeled issue_place: 'Kepulauan Selayar' (fuzzy match at position 34, excluding punctuation)
[Learner] Labeled supervisor_name: 'Yuliana Pradana' (fuzzy match at position 42, excluding punctuation)
[Learner] Labeled certificate_number: '6743/CVC/10/2025' (exact match at position 4)
[Learner] Labeled chairman_name: 'R. Satya Pangestu, S.I.Kom' (fuzzy match at position 44, excluding punctuation)
[Learner] Labeled event_name: 'Training Theatre manager' (fuzzy match at position 15, excluding punctuation)
[Learner] Labeled recipient_name: 'Tgk. Dwi Hutapea, S.Pt' (exact match at position 7)
   Doc 20251111_050823_2025-11-11_050552_996813_89.pdf: 6 corrected, 3 non-corrected
[Learner] Labeled event_name: 'Seminar Educational psychologist' (fuzzy match at position 13, excluding punctuation)
[Learner] Labeled event_date: '03 November 2024' (exact match at position 20)
[Learner] Labeled event_location: 'Gang Rajiman No. 830
Banjarbaru, Banten 52064' (exact match at position 24)
[Learner] Labeled issue_place: 'Jayawijaya' (fuzzy match at position 31, excluding punctuation)
[Learner] Labeled issue_date: '09 November 2024' (exact match at position 32)
[Learner] Labeled supervisor_name: 'Zahra Ardianto' (fuzzy match at position 38, excluding punctuation)
[Learner] Labeled certificate_number: '2483/CVC/11/2024' (exact match at position 4)
[Learner] Labeled chairman_name: 'Natalia Mulyani' (fuzzy match at position 40, excluding punctuation)
[Learner] Labeled recipient_name: 'Sari Damanik' (exact match at position 7)
   Doc 20251111_050731_2025-11-11_050533_295080_56.pdf: 4 corrected, 5 non-corrected
[Learner] Labeled event_location: 'Gg. Sukajadi No. 819
Medan, Sulawesi Barat 61741' (exact match at position 24)
[Learner] Labeled issue_place: 'Jayapura' (fuzzy match at position 32, excluding punctuation)
[Learner] Labeled issue_date: '28 January 2025' (exact match at position 33)
[Learner] Labeled supervisor_name: 'Pranawa Aryani, M.M.' (fuzzy match at position 39, excluding punctuation)
[Learner] Labeled certificate_number: '8398/CVC/01/2025' (exact match at position 4)
[Learner] Labeled chairman_name: 'dr. Daruna Wibowo' (fuzzy match at position 42, excluding punctuation)
[Learner] Labeled event_date: '17 January 2025' (exact match at position 20)
[Learner] Labeled event_name: 'Training Ecologist' (fuzzy match at position 14, excluding punctuation)
[Learner] Labeled recipient_name: 'Lala Wasita, S.Sos' (exact match at position 7)
   Doc 20251111_050839_2025-11-11_050600_226212_99.pdf: 6 corrected, 3 non-corrected
[Learner] Labeled event_date: '17 November 2024' (exact match at position 21)
[Learner] Labeled event_location: 'Jl. Rumah Sakit No. 863
Bukittinggi, Maluku 36068' (exact match at position 25)
[Learner] Labeled issue_place: 'Kota Pematangsiantar' (fuzzy match at position 33, excluding punctuation)
[Learner] Labeled issue_date: '25 November 2024' (exact match at position 35)
[Learner] Labeled supervisor_name: 'Heru Puspita, S.T.' (fuzzy match at position 41, excluding punctuation)
[Learner] Labeled chairman_name: 'Aris Usada' (fuzzy match at position 44, excluding punctuation)
[Learner] Labeled certificate_number: '6045/CVC/11/2024' (exact match at position 4)
[Learner] Labeled event_name: 'Workshop Financial adviser' (fuzzy match at position 14, excluding punctuation)
[Learner] Labeled recipient_name: 'Drs. Irsad Oktaviani' (exact match at position 7)
   Doc 20251111_050728_2025-11-11_050532_37124_54.pdf: 5 corrected, 4 non-corrected
[Learner] Labeled event_date: '04 December 2024' (exact match at position 21)
[Learner] Labeled event_location: 'Jalan HOS. Cokroaminoto No. 742
Bukittinggi, Maluku Utara 15963' (exact match at position 25)
[Learner] Labeled issue_place: 'Kota Solok' (fuzzy match at position 34, excluding punctuation)
[Learner] Labeled issue_date: '11 December 2024' (exact match at position 36)
[Learner] Labeled supervisor_name: 'Elma Rajasa, S.Ked' (fuzzy match at position 42, excluding punctuation)
[Learner] Labeled certificate_number: '1088/CVC/12/2024' (exact match at position 4)
[Learner] Labeled chairman_name: 'Drs. Lili Tampubolon' (fuzzy match at position 45, excluding punctuation)
[Learner] Labeled event_name: 'Training Programmer, systems' (fuzzy match at position 14, excluding punctuation)
[Learner] Labeled recipient_name: 'Sutan Yoga Padmasari' (exact match at position 7)
   Doc 20251111_050710_2025-11-11_050524_363758_43.pdf: 7 corrected, 2 non-corrected
[Learner] Labeled recipient_name: 'Dt. Harimurti Manullang, M.M.' (exact match at position 7)
[Learner] Labeled event_name: 'Workshop Nature conservation officer' (fuzzy match at position 15, excluding punctuation)
[Learner] Labeled event_date: '09 November 2024' (exact match at position 23)
[Learner] Labeled event_location: 'Gg. Stasiun Wonokromo No. 119
Madiun, Nusa Tenggara Barat 03747' (exact match at position 27)
[Learner] Labeled issue_place: 'Banggai' (fuzzy match at position 37, excluding punctuation)
[Learner] Labeled issue_date: '23 November 2024' (exact match at position 38)
[Learner] Labeled supervisor_name: 'Padmi Puspasari, S.H.' (fuzzy match at position 44, excluding punctuation)
[Learner] Labeled certificate_number: '570/CVC/11/2024' (exact match at position 4)
[Learner] Labeled chairman_name: 'Titi Pratama' (fuzzy match at position 47, excluding punctuation)
   Doc 20251111_050722_2025-11-11_050529_470726_50.pdf: 4 corrected, 5 non-corrected
[Learner] Labeled event_location: 'Gg. Dr. Djunjunan No. 699
Palopo, DI Yogyakarta 51682' (exact match at position 26)
[Learner] Labeled issue_place: 'Kolaka' (fuzzy match at position 35, excluding punctuation)
[Learner] Labeled issue_date: '07 September 2025' (exact match at position 36)
[Learner] Labeled supervisor_name: 'Halim Suryono' (fuzzy match at position 42, excluding punctuation)
[Learner] Labeled certificate_number: '1981/CVC/09/2025' (exact match at position 4)
[Learner] Labeled chairman_name: 'Sakura Prastuti' (fuzzy match at position 44, excluding punctuation)
[Learner] Labeled event_date: '27 August 2025' (exact match at position 22)
[Learner] Labeled event_name: 'Seminar Chartered loss adjuster' (fuzzy match at position 14, excluding punctuation)
[Learner] Labeled recipient_name: 'Jasmin Mayasari, S.Ked' (exact match at position 7)
   Doc 20251111_050748_2025-11-11_050539_548532_67.pdf: 4 corrected, 5 non-corrected
[Learner] Labeled event_location: 'Gang Tebet Barat Dalam No. 38
Bengkulu, JK 67569' (exact match at position 26)
[Learner] Labeled issue_place: 'Buol' (fuzzy match at position 35, excluding punctuation)
[Learner] Labeled issue_date: '20 August 2025' (exact match at position 36)
[Learner] Labeled supervisor_name: 'Nadine Tamba' (fuzzy match at position 42, excluding punctuation)
[Learner] Labeled certificate_number: '2638/CVC/08/2025' (exact match at position 4)
[Learner] Labeled chairman_name: 'KH. Muhammad Habibi, M.Kom.' (fuzzy match at position 44, excluding punctuation)
[Learner] Labeled event_date: '13 August 2025' (exact match at position 22)
[Learner] Labeled event_name: 'Seminar Race relations officer' (fuzzy match at position 14, excluding punctuation)
[Learner] Labeled recipient_name: 'Drs. Panji Hariyah' (exact match at position 7)
   Doc 20251111_050715_2025-11-11_050526_915254_46.pdf: 4 corrected, 5 non-corrected
[Learner] Labeled event_location: 'Gg. Jakarta No. 202
Banjar, JA 96629' (exact match at position 24)
[Learner] Labeled issue_place: 'Pidie Jaya' (fuzzy match at position 31, excluding punctuation)
[Learner] Labeled issue_date: '11 August 2025' (exact match at position 33)
[Learner] Labeled supervisor_name: 'Praba Prasasta' (fuzzy match at position 39, excluding punctuation)
[Learner] Labeled certificate_number: '1583/CVC/08/2025' (exact match at position 4)
[Learner] Labeled chairman_name: 'Bakiono Latupono' (fuzzy match at position 41, excluding punctuation)
[Learner] Labeled event_date: '29 July 2025' (exact match at position 20)
[Learner] Labeled event_name: 'Training Location manager' (fuzzy match at position 13, excluding punctuation)
[Learner] Labeled recipient_name: 'Oskar Prasetyo' (exact match at position 7)
   Doc 20251111_050750_2025-11-11_050540_424559_68.pdf: 6 corrected, 3 non-corrected
[Learner] Labeled event_name: 'Workshop Public affairs consultant' (fuzzy match at position 13, excluding punctuation)
[Learner] Labeled event_date: '08 November 2024' (exact match at position 21)
[Learner] Labeled event_location: 'Jalan Bangka Raya No. 207
Banjar, NT 00941' (exact match at position 25)
[Learner] Labeled issue_place: 'Kota Medan' (fuzzy match at position 33, excluding punctuation)
[Learner] Labeled issue_date: '15 November 2024' (exact match at position 35)
[Learner] Labeled supervisor_name: 'Icha Budiman' (fuzzy match at position 41, excluding punctuation)
[Learner] Labeled certificate_number: '5089/CVC/11/2024' (exact match at position 4)
[Learner] Labeled chairman_name: 'Drs. Ella Nainggolan, M.Kom.' (fuzzy match at position 43, excluding punctuation)
[Learner] Labeled recipient_name: 'Jayadi Irawan' (exact match at position 7)
   Doc 20251111_050739_2025-11-11_050536_285398_61.pdf: 5 corrected, 4 non-corrected
[Learner] Labeled event_date: '19 September 2024' (exact match at position 22)
[Learner] Labeled event_location: 'Gg. Peta No. 038
Lubuklinggau, Sumatera Selatan 53833' (exact match at position 26)
[Learner] Labeled issue_place: 'Gorontalo' (fuzzy match at position 34, excluding punctuation)
[Learner] Labeled issue_date: '04 October 2024' (exact match at position 35)
[Learner] Labeled supervisor_name: 'Janet Hidayat, M.M.' (fuzzy match at position 41, excluding punctuation)
[Learner] Labeled certificate_number: '6859/CVC/10/2024' (exact match at position 4)
[Learner] Labeled chairman_name: 'Danang Melani' (fuzzy match at position 44, excluding punctuation)
[Learner] Labeled event_name: 'Seminar Materials engineer' (fuzzy match at position 15, excluding punctuation)
[Learner] Labeled recipient_name: 'Dr. Luwar Prayoga, S.Ked' (exact match at position 7)
   Doc 20251111_050836_2025-11-11_050557_825113_97.pdf: 6 corrected, 3 non-corrected
[Learner] Labeled event_name: 'Training Sales promotion account executive' (fuzzy match at position 13, excluding punctuation)
[Learner] Labeled event_date: '03 September 2025' (exact match at position 22)
[Learner] Labeled event_location: 'Gang Sadang Serang No. 85
Magelang, Gorontalo 05515' (exact match at position 26)
[Learner] Labeled issue_place: 'Luwu Timur' (fuzzy match at position 34, excluding punctuation)
[Learner] Labeled issue_date: '11 September 2025' (exact match at position 36)
[Learner] Labeled supervisor_name: 'Dt. Jayadi Wahyudin, S.Psi' (fuzzy match at position 42, excluding punctuation)
[Learner] Labeled certificate_number: '3929/CVC/09/2025' (exact match at position 4)
[Learner] Labeled chairman_name: 'Rachel Kuswoyo' (fuzzy match at position 46, excluding punctuation)
[Learner] Labeled recipient_name: 'Lanjar Sirait' (exact match at position 7)
   Doc 20251111_050807_2025-11-11_050547_198890_79.pdf: 4 corrected, 4 non-corrected
[Learner] Labeled event_date: '03 November 2025' (exact match at position 20)
[Learner] Labeled event_location: 'Gang Tebet Barat Dalam No. 0
Purwokerto, KS 88244' (exact match at position 24)
[Learner] Labeled issue_place: 'Kota Lubuk Linggau' (fuzzy match at position 33, excluding punctuation)
[Learner] Labeled supervisor_name: 'Dt. Luthfi Mahendra' (fuzzy match at position 42, excluding punctuation)
[Learner] Labeled certificate_number: '7757/CVC/11/2025' (exact match at position 4)
[Learner] Labeled chairman_name: 'Liman Sihombing' (fuzzy match at position 45, excluding punctuation)
[Learner] Labeled event_name: 'Workshop Nurse, children's' (fuzzy match at position 13, excluding punctuation)
[Learner] Labeled recipient_name: 'Agnes Sihombing' (exact match at position 7)
   Doc 20251111_050707_2025-11-11_050524_172462_41.pdf: 4 corrected, 4 non-corrected
[Learner] Labeled event_name: 'Seminar Trade union research officer' (fuzzy match at position 14, excluding punctuation)
[Learner] Labeled event_location: 'Jalan Medokan Ayu No. 875
Banjar, KB 29680' (exact match at position 27)
[Learner] Labeled issue_place: 'Aceh Singkil' (fuzzy match at position 35, excluding punctuation)
[Learner] Labeled supervisor_name: 'Capa Sudiati' (fuzzy match at position 43, excluding punctuation)
[Learner] Labeled certificate_number: '7538/CVC/07/2025' (exact match at position 4)
[Learner] Labeled chairman_name: 'Asmianto Hariyah' (fuzzy match at position 45, excluding punctuation)
[Learner] Labeled event_date: '11 July 2025' (exact match at position 23)
[Learner] Labeled recipient_name: 'Cahya Pratama, S.Kom' (exact match at position 7)
   Doc 20251111_050734_2025-11-11_050534_582951_58.pdf: 5 corrected, 4 non-corrected
[Learner] Labeled event_date: '01 November 2025' (exact match at position 20)
[Learner] Labeled event_location: 'Gang Dipenogoro No. 993
Probolinggo, Riau 13974' (exact match at position 24)
[Learner] Labeled issue_place: 'Karangasem' (fuzzy match at position 31, excluding punctuation)
[Learner] Labeled issue_date: '07 November 2025' (exact match at position 32)
[Learner] Labeled supervisor_name: 'Putri Gunarto' (fuzzy match at position 38, excluding punctuation)
[Learner] Labeled certificate_number: '5621/CVC/11/2025' (exact match at position 4)
[Learner] Labeled chairman_name: 'dr. Tedi Marpaung' (fuzzy match at position 40, excluding punctuation)
[Learner] Labeled event_name: 'Workshop Charity officer' (fuzzy match at position 13, excluding punctuation)
[Learner] Labeled recipient_name: 'Jaeman Waluyo' (exact match at position 7)
   Doc 20251111_050718_2025-11-11_050528_575694_48.pdf: 4 corrected, 5 non-corrected
[Learner] Labeled event_location: 'Jalan Asia Afrika No. 923
Ambon, Jambi 54696' (exact match at position 24)
[Learner] Labeled issue_place: 'Pamekasan' (fuzzy match at position 32, excluding punctuation)
[Learner] Labeled issue_date: '07 September 2025' (exact match at position 33)
[Learner] Labeled supervisor_name: 'Tgk. Fitria Mangunsong' (fuzzy match at position 39, excluding punctuation)
[Learner] Labeled certificate_number: '7931/CVC/09/2025' (exact match at position 4)
[Learner] Labeled chairman_name: 'dr. Latika Saptono' (fuzzy match at position 42, excluding punctuation)
[Learner] Labeled event_date: '24 August 2025' (exact match at position 20)
[Learner] Labeled event_name: 'Seminar Arts administrator' (fuzzy match at position 13, excluding punctuation)
[Learner] Labeled recipient_name: 'Widya Napitupulu' (exact match at position 7)
   Doc 20251111_050838_2025-11-11_050600_213377_98.pdf: 3 corrected, 5 non-corrected
[Learner] Labeled event_location: 'Jalan Ciumbuleuit No. 4
Banjarbaru, Gorontalo 85309' (exact match at position 24)
[Learner] Labeled issue_place: 'Kota Jayapura' (fuzzy match at position 31, excluding punctuation)
[Learner] Labeled supervisor_name: 'Cawuk Utami, S.T.' (fuzzy match at position 39, excluding punctuation)
[Learner] Labeled certificate_number: '2117/CVC/03/2025' (exact match at position 4)
[Learner] Labeled chairman_name: 'Shania Fujiati' (fuzzy match at position 42, excluding punctuation)
[Learner] Labeled event_date: '19 March 2025' (exact match at position 20)
[Learner] Labeled event_name: 'Workshop Restaurant manager' (fuzzy match at position 13, excluding punctuation)
[Learner] Labeled recipient_name: 'Azalea Saptono' (exact match at position 7)
   Doc 20251111_050733_2025-11-11_050533_839320_57.pdf: 3 corrected, 5 non-corrected
[Learner] Labeled event_location: 'Gang Surapati No. 0
Purwokerto, Nusa Tenggara Barat 16639' (exact match at position 26)
[Learner] Labeled issue_place: 'Kota Gorontalo' (fuzzy match at position 35, excluding punctuation)
[Learner] Labeled supervisor_name: 'Tgk. Ganjaran Uwais, S.I.Kom' (fuzzy match at position 43, excluding punctuation)
[Learner] Labeled certificate_number: '922/CVC/05/2025' (exact match at position 4)
[Learner] Labeled chairman_name: 'Michelle Astuti' (fuzzy match at position 47, excluding punctuation)
[Learner] Labeled event_date: '06 May 2025' (exact match at position 22)
[Learner] Labeled event_name: 'Seminar Surveyor, rural practice' (fuzzy match at position 14, excluding punctuation)
[Learner] Labeled recipient_name: 'Citra Safitri, S.Kom' (exact match at position 7)
   Doc 20251111_050801_2025-11-11_050544_680435_75.pdf: 3 corrected, 5 non-corrected
[Learner] Labeled event_location: 'Jalan M.H Thamrin No. 401
Padang, DKI Jakarta 66124' (exact match at position 23)
[Learner] Labeled issue_place: 'Kota Palopo' (fuzzy match at position 32, excluding punctuation)
[Learner] Labeled supervisor_name: 'Kunthara Januar' (fuzzy match at position 40, excluding punctuation)
[Learner] Labeled certificate_number: '3937/CVC/04/2025' (exact match at position 4)
[Learner] Labeled chairman_name: 'Dr. Budi Manullang' (fuzzy match at position 42, excluding punctuation)
[Learner] Labeled event_date: '09 April 2025' (exact match at position 19)
[Learner] Labeled event_name: 'Seminar Actuary' (fuzzy match at position 13, excluding punctuation)
[Learner] Labeled recipient_name: 'Cengkir Nuraini' (exact match at position 7)
   Doc 20251111_050653_2025-11-11_050518_831236_32.pdf: 4 corrected, 4 non-corrected
[Learner] Labeled event_name: 'Seminar Claims inspector/assessor' (fuzzy match at position 14, excluding punctuation)
[Learner] Labeled event_location: 'Jalan Indragiri No. 43
Palu, RI 67565' (exact match at position 25)
[Learner] Labeled issue_place: 'Kota Ambon' (fuzzy match at position 32, excluding punctuation)
[Learner] Labeled supervisor_name: 'Mala Wijayanti, M.Kom.' (fuzzy match at position 40, excluding punctuation)
[Learner] Labeled certificate_number: '7575/CVC/04/2025' (exact match at position 4)
[Learner] Labeled chairman_name: 'Putri Mardhiyah' (fuzzy match at position 43, excluding punctuation)
[Learner] Labeled event_date: '24 April 2025' (exact match at position 21)
[Learner] Labeled recipient_name: 'Puti Iriana Wahyudin' (exact match at position 7)
   Doc 20251111_050831_2025-11-11_050557_477396_94.pdf: 5 corrected, 4 non-corrected
[Learner] Labeled event_date: '02 September 2025' (exact match at position 19)
[Learner] Labeled event_location: 'Jl. Asia Afrika No. 527
Metro, DI Yogyakarta 14114' (exact match at position 23)
[Learner] Labeled issue_place: 'Bondowoso' (fuzzy match at position 32, excluding punctuation)
[Learner] Labeled issue_date: '13 September 2025' (exact match at position 33)
[Learner] Labeled supervisor_name: 'Cut Gabriella Aryani' (fuzzy match at position 39, excluding punctuation)
[Learner] Labeled certificate_number: '1528/CVC/09/2025' (exact match at position 4)
[Learner] Labeled chairman_name: 'Karja Rahmawati' (fuzzy match at position 42, excluding punctuation)
[Learner] Labeled event_name: 'Seminar Banker' (fuzzy match at position 13, excluding punctuation)
[Learner] Labeled recipient_name: 'Ella Thamrin' (exact match at position 7)
   Doc 20251111_050736_2025-11-11_050534_600467_59.pdf: 5 corrected, 4 non-corrected
[Learner] Labeled event_date: '03 December 2024' (exact match at position 20)
[Learner] Labeled event_location: 'Gang Tubagus Ismail No. 3
Kota Administrasi Jakarta Barat, Sumatera Barat 27911' (exact match at position 24)
[Learner] Labeled issue_place: 'Kota Serang' (fuzzy match at position 36, excluding punctuation)
[Learner] Labeled issue_date: '08 December 2024' (exact match at position 38)
[Learner] Labeled supervisor_name: 'Irwan Wibisono, M.TI.' (fuzzy match at position 44, excluding punctuation)
[Learner] Labeled certificate_number: '2161/CVC/12/2024' (exact match at position 4)
[Learner] Labeled chairman_name: 'Gara Saputra' (fuzzy match at position 47, excluding punctuation)
[Learner] Labeled event_name: 'Training Surveyor, mining' (fuzzy match at position 13, excluding punctuation)
[Learner] Labeled recipient_name: 'Cemeti Nashiruddin' (exact match at position 7)
   Doc 20251111_050742_2025-11-11_050537_32307_63.pdf: 6 corrected, 3 non-corrected
[Learner] Labeled recipient_name: 'dr. Karna Hassanah, S.T.' (exact match at position 7)
[Learner] Labeled event_date: '04 September 2025' (exact match at position 22)
[Learner] Labeled event_location: 'Gg. H.J Maemunah No. 9
Tanjungpinang, BB 88465' (exact match at position 26)
[Learner] Labeled issue_place: 'Asmat' (fuzzy match at position 34, excluding punctuation)
[Learner] Labeled issue_date: '18 September 2025' (exact match at position 35)
[Learner] Labeled supervisor_name: 'Victoria Pratiwi' (fuzzy match at position 41, excluding punctuation)
[Learner] Labeled certificate_number: '2512/CVC/09/2025' (exact match at position 4)
[Learner] Labeled chairman_name: 'Sutan Raihan Haryanto, S.Psi' (fuzzy match at position 43, excluding punctuation)
[Learner] Labeled event_name: 'Workshop Cabin crew' (fuzzy match at position 15, excluding punctuation)
   Doc 20251111_050815_2025-11-11_050550_187987_84.pdf: 5 corrected, 4 non-corrected
[Learner] Labeled event_date: '10 December 2024' (exact match at position 22)
[Learner] Labeled event_location: 'Jl. Peta No. 793
Tangerang, Sulawesi Selatan 50998' (exact match at position 26)
[Learner] Labeled issue_place: 'Yahukimo' (fuzzy match at position 34, excluding punctuation)
[Learner] Labeled issue_date: '24 December 2024' (exact match at position 35)
[Learner] Labeled supervisor_name: 'Cindy Latupono' (fuzzy match at position 41, excluding punctuation)
[Learner] Labeled certificate_number: '3955/CVC/12/2024' (exact match at position 4)
[Learner] Labeled chairman_name: 'Julia Hutapea' (fuzzy match at position 43, excluding punctuation)
[Learner] Labeled event_name: 'Seminar Theatre director' (fuzzy match at position 15, excluding punctuation)
[Learner] Labeled recipient_name: 'drg. Tomi Haryanti, M.Ak' (exact match at position 7)
   Doc 20251111_050701_2025-11-11_050521_649179_37.pdf: 4 corrected, 4 non-corrected
[Learner] Labeled recipient_name: 'R. Mustika Simanjuntak, S.Kom' (exact match at position 7)
[Learner] Labeled event_location: 'Jl. Kutai No. 3
Bau-Bau, Bali 12802' (exact match at position 26)
[Learner] Labeled issue_place: 'Pangandaran' (fuzzy match at position 33, excluding punctuation)
[Learner] Labeled supervisor_name: 'Bakidin Uyainah' (fuzzy match at position 40, excluding punctuation)
[Learner] Labeled certificate_number: '602/CVC/03/2025' (exact match at position 4)
[Learner] Labeled chairman_name: 'Dewi Hutagalung' (fuzzy match at position 42, excluding punctuation)
[Learner] Labeled event_date: '05 March 2025' (exact match at position 22)
[Learner] Labeled event_name: 'Workshop Restaurant manager' (fuzzy match at position 15, excluding punctuation)
   Doc 20251111_050648_2025-11-11_050516_376062_29.pdf: 5 corrected, 4 non-corrected
[Learner] Labeled event_date: '30 November 2024' (exact match at position 19)
[Learner] Labeled event_location: 'Jl. Ahmad Dahlan No. 470
Balikpapan, SG 03703' (exact match at position 23)
[Learner] Labeled issue_place: 'Mesuji' (fuzzy match at position 31, excluding punctuation)
[Learner] Labeled issue_date: '15 December 2024' (exact match at position 32)
[Learner] Labeled supervisor_name: 'Virman Iswahyudi' (fuzzy match at position 38, excluding punctuation)
[Learner] Labeled certificate_number: '7995/CVC/12/2024' (exact match at position 4)
[Learner] Labeled chairman_name: 'Gada Winarno, S.Pt' (fuzzy match at position 40, excluding punctuation)
[Learner] Labeled event_name: 'Workshop Dramatherapist' (fuzzy match at position 13, excluding punctuation)
[Learner] Labeled recipient_name: 'Queen Nainggolan' (exact match at position 7)
   Doc 20251111_050604_2025-11-11_050456_135424_1.pdf: 5 corrected, 4 non-corrected
[Learner] Labeled event_date: '28 September 2024' (exact match at position 20)
[Learner] Labeled event_location: 'Gang Antapani Lama No. 3
Solok, Kepulauan Bangka Belitung 10957' (exact match at position 24)
[Learner] Labeled issue_place: 'Deiyai' (fuzzy match at position 34, excluding punctuation)
[Learner] Labeled issue_date: '04 October 2024' (exact match at position 35)
[Learner] Labeled supervisor_name: 'Tira Pangestu' (fuzzy match at position 41, excluding punctuation)
[Learner] Labeled certificate_number: '5148/CVC/10/2024' (exact match at position 4)
[Learner] Labeled chairman_name: 'Hasna Suwarno' (fuzzy match at position 43, excluding punctuation)
[Learner] Labeled event_name: 'Workshop Theatre manager' (fuzzy match at position 13, excluding punctuation)
[Learner] Labeled recipient_name: 'Surya Najmudin' (exact match at position 7)
   Doc 20251111_050725_2025-11-11_050530_934056_52.pdf: 3 corrected, 5 non-corrected
[Learner] Labeled event_location: 'Gg. K.H. Wahid Hasyim No. 17
Tomohon, Nusa Tenggara Timur 82009' (exact match at position 23)
[Learner] Labeled issue_place: 'Kota Pagar Alam' (fuzzy match at position 34, excluding punctuation)
[Learner] Labeled supervisor_name: 'dr. Daru Widiastuti, S.H.' (fuzzy match at position 43, excluding punctuation)
[Learner] Labeled certificate_number: '4144/CVC/05/2025' (exact match at position 4)
[Learner] Labeled chairman_name: 'Gina Haryanti' (fuzzy match at position 47, excluding punctuation)
[Learner] Labeled event_date: '21 April 2025' (exact match at position 19)
[Learner] Labeled event_name: 'Training Toxicologist' (fuzzy match at position 13, excluding punctuation)
[Learner] Labeled recipient_name: 'Puspa Wibisono' (exact match at position 7)
   Doc 20251111_050636_2025-11-11_050510_833296_21.pdf: 3 corrected, 5 non-corrected
[Learner] Labeled event_location: 'Gang Moch. Ramdan No. 8
Sawahlunto, Banten 75396' (exact match at position 25)
[Learner] Labeled issue_place: 'Kolaka Utara' (fuzzy match at position 33, excluding punctuation)
[Learner] Labeled supervisor_name: 'Drs. Gina Utama' (fuzzy match at position 41, excluding punctuation)
[Learner] Labeled certificate_number: '3064/CVC/04/2025' (exact match at position 4)
[Learner] Labeled chairman_name: 'R.A. Mutia Pradana, M.Pd' (fuzzy match at position 44, excluding punctuation)
[Learner] Labeled event_date: '12 April 2025' (exact match at position 21)
[Learner] Labeled event_name: 'Workshop Retail manager' (fuzzy match at position 14, excluding punctuation)
[Learner] Labeled recipient_name: 'Dinda Iswahyudi, S.IP' (exact match at position 7)
   Doc 20251111_050605_2025-11-11_050456_136095_2.pdf: 6 corrected, 3 non-corrected
[Learner] Labeled event_name: 'Training Radiation protection practitioner' (fuzzy match at position 13, excluding punctuation)
[Learner] Labeled event_date: '23 August 2025' (exact match at position 21)
[Learner] Labeled event_location: 'Gang Rajawali Timur No. 88
Pekanbaru, JK 51077' (exact match at position 25)
[Learner] Labeled issue_place: 'Probolinggo' (fuzzy match at position 33, excluding punctuation)
[Learner] Labeled issue_date: '03 September 2025' (exact match at position 34)
[Learner] Labeled supervisor_name: 'Titi Pratama' (fuzzy match at position 40, excluding punctuation)
[Learner] Labeled certificate_number: '3384/CVC/09/2025' (exact match at position 4)
[Learner] Labeled chairman_name: 'Halim Lestari' (fuzzy match at position 42, excluding punctuation)
[Learner] Labeled recipient_name: 'Cawisono Hakim' (exact match at position 7)
   Doc 20251111_050639_2025-11-11_050510_836556_23.pdf: 4 corrected, 5 non-corrected
[Learner] Labeled event_location: 'Gang Astana Anyar No. 35
Sibolga, JB 59600' (exact match at position 23)
[Learner] Labeled issue_place: 'Jayawijaya' (fuzzy match at position 31, excluding punctuation)
[Learner] Labeled issue_date: '05 November 2025' (exact match at position 32)
[Learner] Labeled supervisor_name: 'Restu Prabowo' (fuzzy match at position 38, excluding punctuation)
[Learner] Labeled certificate_number: '8525/CVC/11/2025' (exact match at position 4)
[Learner] Labeled chairman_name: 'R. Yani Utami, S.Psi' (fuzzy match at position 40, excluding punctuation)
[Learner] Labeled event_date: '26 October 2025' (exact match at position 19)
[Learner] Labeled event_name: 'Seminar Dietitian' (fuzzy match at position 13, excluding punctuation)
[Learner] Labeled recipient_name: 'Wisnu Wijayanti' (exact match at position 7)
   Doc 20251111_050820_2025-11-11_050552_274977_87.pdf: 4 corrected, 4 non-corrected
[Learner] Labeled event_name: 'Training Plant breeder/geneticist' (fuzzy match at position 13, excluding punctuation)
[Learner] Labeled event_location: 'Gg. M.H Thamrin No. 28
Sibolga, GO 20319' (exact match at position 24)
[Learner] Labeled issue_place: 'Kepulauan Selayar' (fuzzy match at position 32, excluding punctuation)
[Learner] Labeled supervisor_name: 'Dt. Manah Mayasari' (fuzzy match at position 40, excluding punctuation)
[Learner] Labeled certificate_number: '9930/CVC/04/2025' (exact match at position 4)
[Learner] Labeled chairman_name: 'Tami Situmorang' (fuzzy match at position 43, excluding punctuation)
[Learner] Labeled event_date: '29 March 2025' (exact match at position 20)
[Learner] Labeled recipient_name: 'Hafshah Fujiati' (exact match at position 7)
   Doc 20251111_050826_2025-11-11_050554_849375_91.pdf: 5 corrected, 4 non-corrected
[Learner] Labeled event_date: '20 November 2024' (exact match at position 19)
[Learner] Labeled event_location: 'Gg. Antapani Lama No. 56
Mataram, Kalimantan Selatan 25709' (exact match at position 23)
[Learner] Labeled issue_place: 'Fak Fak' (fuzzy match at position 32, excluding punctuation)
[Learner] Labeled issue_date: '02 December 2024' (exact match at position 34)
[Learner] Labeled supervisor_name: 'R. Kasiran Winarno, M.TI.' (fuzzy match at position 40, excluding punctuation)
[Learner] Labeled certificate_number: '8898/CVC/12/2024' (exact match at position 4)
[Learner] Labeled chairman_name: 'Laila Namaga' (fuzzy match at position 44, excluding punctuation)
[Learner] Labeled event_name: 'Seminar Architect' (fuzzy match at position 13, excluding punctuation)
[Learner] Labeled recipient_name: 'Luis Prasasta' (exact match at position 7)
   Doc 20251111_050800_2025-11-11_050544_673324_74.pdf: 5 corrected, 4 non-corrected
[Learner] Labeled event_name: 'Workshop Teaching laboratory technician' (fuzzy match at position 14, excluding punctuation)
[Learner] Labeled event_location: 'Gg. Medokan Ayu No. 41
Surabaya, KR 42430' (exact match at position 26)
[Learner] Labeled issue_place: 'Sragen' (fuzzy match at position 34, excluding punctuation)
[Learner] Labeled issue_date: '26 October 2025' (exact match at position 35)
[Learner] Labeled supervisor_name: 'R.A. Alika Oktaviani' (fuzzy match at position 41, excluding punctuation)
[Learner] Labeled certificate_number: '2315/CVC/10/2025' (exact match at position 4)
[Learner] Labeled chairman_name: 'Kamaria Rahimah, M.Kom.' (fuzzy match at position 44, excluding punctuation)
[Learner] Labeled event_date: '16 October 2025' (exact match at position 22)
[Learner] Labeled recipient_name: 'Ajeng Melani, M.Farm' (exact match at position 7)
   Doc 20251111_050819_2025-11-11_050552_264151_86.pdf: 4 corrected, 5 non-corrected
[Learner] Labeled event_location: 'Gg. Erlangga No. 42
Tual, JK 41559' (exact match at position 24)
[Learner] Labeled issue_place: 'Belu' (fuzzy match at position 31, excluding punctuation)
[Learner] Labeled issue_date: '26 January 2025' (exact match at position 32)
[Learner] Labeled supervisor_name: 'R.A. Jamalia Latupono' (fuzzy match at position 38, excluding punctuation)
[Learner] Labeled certificate_number: '5254/CVC/01/2025' (exact match at position 4)
[Learner] Labeled chairman_name: 'Bakiadi Hartati, S.IP' (fuzzy match at position 41, excluding punctuation)
[Learner] Labeled event_date: '17 January 2025' (exact match at position 20)
[Learner] Labeled event_name: 'Training Materials engineer' (fuzzy match at position 13, excluding punctuation)
[Learner] Labeled recipient_name: 'Jasmani Yuniar' (exact match at position 7)
   Doc 20251111_050812_2025-11-11_050549_755185_82.pdf: 6 corrected, 2 non-corrected
[Learner] Labeled recipient_name: 'Tgk. Teguh Permata, M.M.' (exact match at position 7)
[Learner] Labeled event_name: 'Training Scientist, research (life sciences)' (fuzzy match at position 15, excluding punctuation)
[Learner] Labeled event_date: '26 September 2025' (exact match at position 24)
[Learner] Labeled event_location: 'Jalan Ronggowarsito No. 8
Surakarta, NB 92940' (exact match at position 28)
[Learner] Labeled issue_place: 'Labuhanbatu Selatan' (fuzzy match at position 35, excluding punctuation)
[Learner] Labeled supervisor_name: 'Ilsa Latupono' (fuzzy match at position 43, excluding punctuation)
[Learner] Labeled certificate_number: '9896/CVC/10/2025' (exact match at position 4)
[Learner] Labeled chairman_name: 'Maya Firgantoro, S.Pd' (fuzzy match at position 45, excluding punctuation)
   Doc 20251111_050634_2025-11-11_050510_831239_20.pdf: 4 corrected, 4 non-corrected
[Learner] Labeled event_location: 'Jalan Stasiun Wonokromo No. 2
Batam, KU 55468' (exact match at position 24)
[Learner] Labeled issue_place: 'Soppeng' (fuzzy match at position 32, excluding punctuation)
[Learner] Labeled issue_date: '26 July 2025' (exact match at position 33)
[Learner] Labeled supervisor_name: 'Jelita Marpaung' (fuzzy match at position 39, excluding punctuation)
[Learner] Labeled certificate_number: '5218/CVC/07/2025' (exact match at position 4)
[Learner] Labeled chairman_name: 'Kartika Hutagalung' (fuzzy match at position 41, excluding punctuation)
[Learner] Labeled event_name: 'Workshop Copy' (fuzzy match at position 14, excluding punctuation)
[Learner] Labeled recipient_name: 'Muhammad Siregar, S.Psi' (exact match at position 7)
   Doc 20251111_050737_2025-11-11_050535_669428_60.pdf: 5 corrected, 4 non-corrected
[Learner] Labeled event_name: 'Workshop Museum/gallery curator' (fuzzy match at position 14, excluding punctuation)
[Learner] Labeled event_location: 'Jalan Kutai No. 84
Kendari, Banten 48722' (exact match at position 25)
[Learner] Labeled issue_place: 'Pelalawan' (fuzzy match at position 32, excluding punctuation)
[Learner] Labeled issue_date: '25 October 2024' (exact match at position 33)
[Learner] Labeled supervisor_name: 'Respati Megantara, S.Psi' (fuzzy match at position 39, excluding punctuation)
[Learner] Labeled certificate_number: '7209/CVC/10/2024' (exact match at position 4)
[Learner] Labeled chairman_name: 'Tgk. Yuni Saragih' (fuzzy match at position 42, excluding punctuation)
[Learner] Labeled event_date: '19 October 2024' (exact match at position 21)
[Learner] Labeled recipient_name: 'Nyoman Lestari, M.Pd' (exact match at position 7)
   Doc 20251111_050755_2025-11-11_050542_125386_71.pdf: 6 corrected, 2 non-corrected
[Learner] Labeled recipient_name: 'Drs. Fathonah Zulaika, M.Kom.' (exact match at position 7)
[Learner] Labeled event_name: 'Training Designer, television/film set' (fuzzy match at position 15, excluding punctuation)
[Learner] Labeled event_date: '25 November 2024' (exact match at position 23)
[Learner] Labeled event_location: 'Jl. W.R. Supratman No. 2
Semarang, JI 75466' (exact match at position 27)
[Learner] Labeled issue_place: 'Timor Tengah Utara' (fuzzy match at position 35, excluding punctuation)
[Learner] Labeled supervisor_name: 'Banawa Saptono' (fuzzy match at position 44, excluding punctuation)
[Learner] Labeled certificate_number: '9516/CVC/12/2024' (exact match at position 4)
[Learner] Labeled chairman_name: 'Cut Wulan Usada' (fuzzy match at position 46, excluding punctuation)
   Doc 20251111_050624_2025-11-11_050505_67822_14.pdf: 6 corrected, 3 non-corrected
[Learner] Labeled event_name: 'Training Scientist, research (physical sciences)' (fuzzy match at position 15, excluding punctuation)
[Learner] Labeled event_date: '23 September 2025' (exact match at position 24)
[Learner] Labeled event_location: 'Jl. Erlangga No. 81
Kota Administrasi Jakarta Utara, SB 74067' (exact match at position 28)
[Learner] Labeled issue_place: 'Bengkayang' (fuzzy match at position 38, excluding punctuation)
[Learner] Labeled issue_date: '08 October 2025' (exact match at position 39)
[Learner] Labeled supervisor_name: 'Kardi Melani' (fuzzy match at position 45, excluding punctuation)
[Learner] Labeled certificate_number: '1600/CVC/10/2025' (exact match at position 4)
[Learner] Labeled chairman_name: 'Laila Manullang, S.E.' (fuzzy match at position 47, excluding punctuation)
[Learner] Labeled recipient_name: 'Puti Gabriella Sihotang, M.Pd' (exact match at position 7)
   Doc 20251111_050828_2025-11-11_050554_982505_92.pdf: 4 corrected, 4 non-corrected
[Learner] Labeled recipient_name: 'Dr. Estiawan Prasetyo, M.Kom.' (exact match at position 7)
[Learner] Labeled event_location: 'Gang Cikapayang No. 637
Kupang, AC 55462' (exact match at position 26)
[Learner] Labeled issue_place: 'Kota Bontang' (fuzzy match at position 33, excluding punctuation)
[Learner] Labeled supervisor_name: 'Oman Rahmawati' (fuzzy match at position 41, excluding punctuation)
[Learner] Labeled certificate_number: '5407/CVC/01/2025' (exact match at position 4)
[Learner] Labeled chairman_name: 'Ghaliyati Permadi' (fuzzy match at position 43, excluding punctuation)
[Learner] Labeled event_date: '13 January 2025' (exact match at position 22)
[Learner] Labeled event_name: 'Workshop Child psychotherapist' (fuzzy match at position 15, excluding punctuation)
   Doc 20251111_050723_2025-11-11_050529_495445_51.pdf: 3 corrected, 5 non-corrected
[Learner] Labeled event_location: 'Jl. Kendalsari No. 496
Pariaman, BA 59836' (exact match at position 24)
[Learner] Labeled issue_place: 'Empat Lawang' (fuzzy match at position 31, excluding punctuation)
[Learner] Labeled supervisor_name: 'Nasab Budiman, S.Pt' (fuzzy match at position 39, excluding punctuation)
[Learner] Labeled certificate_number: '9606/CVC/01/2025' (exact match at position 4)
[Learner] Labeled chairman_name: 'KH. Kadir Jailani' (fuzzy match at position 42, excluding punctuation)
[Learner] Labeled event_date: '06 January 2025' (exact match at position 20)
[Learner] Labeled event_name: 'Seminar Therapist, horticultural' (fuzzy match at position 13, excluding punctuation)
[Learner] Labeled recipient_name: 'Tugiman Palastri' (exact match at position 7)
   Training samples: 682
   Training labels: 682

ðŸ”„ Preparing validation features...
[Learner] Labeled recipient_name: 'Tgk. Warsa Laksita, S.H.' (exact match at position 7)
[Learner] Labeled event_name: 'Workshop Architectural technologist' (fuzzy match at position 15, excluding punctuation)
[Learner] Labeled event_date: '26 February 2025' (exact match at position 22)
[Learner] Labeled event_location: 'Jalan Lembong No. 3
Palembang, ST 84364' (exact match at position 26)
[Learner] Labeled issue_place: 'Ciamis' (fuzzy match at position 33, excluding punctuation)
[Learner] Labeled issue_date: '12 March 2025' (exact match at position 34)
[Learner] Labeled supervisor_name: 'Umar Rahmawati' (fuzzy match at position 40, excluding punctuation)
[Learner] Labeled certificate_number: '2072/CVC/03/2025' (exact match at position 4)
[Learner] Labeled chairman_name: 'Luhung Siregar, S.Pd' (fuzzy match at position 42, excluding punctuation)
[Learner] Labeled event_location: 'Gg. Gedebage Selatan No. 8
Probolinggo, JK 73700' (exact match at position 25)
[Learner] Labeled issue_place: 'Boyolali' (fuzzy match at position 33, excluding punctuation)
[Learner] Labeled issue_date: '09 November 2025' (exact match at position 34)
[Learner] Labeled supervisor_name: 'R. Timbul Suryatmi' (fuzzy match at position 40, excluding punctuation)
[Learner] Labeled certificate_number: '2706/CVC/11/2025' (exact match at position 4)
[Learner] Labeled chairman_name: 'Ghaliyati Maryati' (fuzzy match at position 43, excluding punctuation)
[Learner] Labeled event_date: '27 October 2025' (exact match at position 21)
[Learner] Labeled event_name: 'Seminar Sports coach' (fuzzy match at position 14, excluding punctuation)
[Learner] Labeled recipient_name: 'dr. Usyi Astuti' (exact match at position 7)
[Learner] Labeled event_location: 'Jalan Kutisari Selatan No. 58
Probolinggo, Lampung 83160' (exact match at position 23)
[Learner] Labeled issue_place: 'Kota Lhokseumawe' (fuzzy match at position 31, excluding punctuation)
[Learner] Labeled supervisor_name: 'Cemeti Palastri' (fuzzy match at position 39, excluding punctuation)
[Learner] Labeled certificate_number: '5145/CVC/08/2025' (exact match at position 4)
[Learner] Labeled chairman_name: 'Dalima Waskita' (fuzzy match at position 41, excluding punctuation)
[Learner] Labeled event_date: '02 August 2025' (exact match at position 19)
[Learner] Labeled event_name: 'Seminar Economist' (fuzzy match at position 13, excluding punctuation)
[Learner] Labeled recipient_name: 'Samsul Lazuardi' (exact match at position 7)
[Learner] Labeled event_location: 'Gang Rawamangun No. 2
Padang, SG 85531' (exact match at position 26)
[Learner] Labeled issue_place: 'Agam' (fuzzy match at position 33, excluding punctuation)
[Learner] Labeled issue_date: '05 February 2025' (exact match at position 34)
[Learner] Labeled supervisor_name: 'Wani Wibisono' (fuzzy match at position 40, excluding punctuation)
[Learner] Labeled certificate_number: '5165/CVC/02/2025' (exact match at position 4)
[Learner] Labeled chairman_name: 'Cut Raina Melani, S.E.I' (fuzzy match at position 42, excluding punctuation)
[Learner] Labeled event_date: '25 January 2025' (exact match at position 22)
[Learner] Labeled event_name: 'Training Manufacturing engineer' (fuzzy match at position 15, excluding punctuation)
[Learner] Labeled recipient_name: 'T. Hadi Pertiwi, S.E.I' (exact match at position 7)
[Learner] Labeled recipient_name: 'Hj. Dinda Oktaviani, S.E.' (exact match at position 7)
[Learner] Labeled event_name: 'Workshop Fast food restaurant manager' (fuzzy match at position 15, excluding punctuation)
[Learner] Labeled event_location: 'Gg. Rajawali Timur No. 291
Bengkulu, Banten 87136' (exact match at position 28)
[Learner] Labeled issue_place: 'Bengkalis' (fuzzy match at position 36, excluding punctuation)
[Learner] Labeled issue_date: '07 October 2024' (exact match at position 37)
[Learner] Labeled supervisor_name: 'Leo Usamah, S.Sos' (fuzzy match at position 43, excluding punctuation)
[Learner] Labeled certificate_number: '7365/CVC/10/2024' (exact match at position 4)
[Learner] Labeled chairman_name: 'Yuni Situmorang' (fuzzy match at position 46, excluding punctuation)
[Learner] Labeled event_date: '01 October 2024' (exact match at position 24)
[Learner] Labeled event_location: 'Gg. Medokan Ayu No. 122
Batu, SG 69359' (exact match at position 24)
[Learner] Labeled issue_place: 'Halmahera Utara' (fuzzy match at position 32, excluding punctuation)
[Learner] Labeled supervisor_name: 'R. Yoga Sihotang, S.I.Kom' (fuzzy match at position 40, excluding punctuation)
[Learner] Labeled certificate_number: '401/CVC/02/2025' (exact match at position 4)
[Learner] Labeled chairman_name: 'H. Mariadi Rahimah, S.H.' (fuzzy match at position 44, excluding punctuation)
[Learner] Labeled event_date: '30 January 2025' (exact match at position 20)
[Learner] Labeled event_name: 'Seminar Art therapist' (fuzzy match at position 13, excluding punctuation)
[Learner] Labeled recipient_name: 'Jaeman Wijaya' (exact match at position 7)
[Learner] Labeled event_location: 'Gg. Suniaraja No. 02
Probolinggo, Nusa Tenggara Barat 91506' (exact match at position 24)
[Learner] Labeled issue_place: 'Kota Padang Panjang' (fuzzy match at position 33, excluding punctuation)
[Learner] Labeled supervisor_name: 'Sadina Saragih, S.H.' (fuzzy match at position 42, excluding punctuation)
[Learner] Labeled certificate_number: '2930/CVC/01/2025' (exact match at position 4)
[Learner] Labeled chairman_name: 'Drs. Jaeman Setiawan, M.TI.' (fuzzy match at position 45, excluding punctuation)
[Learner] Labeled event_date: '18 January 2025' (exact match at position 20)
[Learner] Labeled event_name: 'Workshop Aid worker' (fuzzy match at position 13, excluding punctuation)
[Learner] Labeled recipient_name: 'Violet Putra' (exact match at position 7)
[Learner] Labeled event_location: 'Jalan Ciumbuleuit No. 2
Bukittinggi, DKI Jakarta 31698' (exact match at position 24)
[Learner] Labeled issue_place: 'Kotawaringin Timur' (fuzzy match at position 32, excluding punctuation)
[Learner] Labeled supervisor_name: 'Cut Ami Iswahyudi, S.Ked' (fuzzy match at position 40, excluding punctuation)
[Learner] Labeled certificate_number: '7945/CVC/06/2025' (exact match at position 4)
[Learner] Labeled chairman_name: 'Ir. Laras Gunarto, S.Kom' (fuzzy match at position 44, excluding punctuation)
[Learner] Labeled event_date: '08 June 2025' (exact match at position 20)
[Learner] Labeled event_name: 'Training Product manager' (fuzzy match at position 13, excluding punctuation)
[Learner] Labeled recipient_name: 'Jasmani Farida' (exact match at position 7)
[Learner] Labeled recipient_name: 'R.A. Ciaobella Hassanah, S.Psi' (exact match at position 7)
[Learner] Labeled event_name: 'Workshop Clinical scientist, histocompatibility and immunogenetics' (fuzzy match at position 15, excluding punctuation)
[Learner] Labeled event_location: 'Gg. K.H. Wahid Hasyim No. 8
Bekasi, DI Yogyakarta 10212' (exact match at position 29)
[Learner] Labeled issue_place: 'Maybrat' (fuzzy match at position 39, excluding punctuation)
[Learner] Labeled issue_date: '23 August 2025' (exact match at position 40)
[Learner] Labeled supervisor_name: 'dr. Paulin Lestari' (fuzzy match at position 46, excluding punctuation)
[Learner] Labeled certificate_number: '6248/CVC/08/2025' (exact match at position 4)
[Learner] Labeled chairman_name: 'Raina Nainggolan, S.H.' (fuzzy match at position 49, excluding punctuation)
[Learner] Labeled event_date: '29 September 2025' (exact match at position 20)
[Learner] Labeled event_location: 'Jl. Cempaka No. 432
Kota Administrasi Jakarta Utara, SB 19448' (exact match at position 24)
[Learner] Labeled issue_place: 'Sidoarjo' (fuzzy match at position 34, excluding punctuation)
[Learner] Labeled issue_date: '07 October 2025' (exact match at position 35)
[Learner] Labeled supervisor_name: 'dr. Sakura Lazuardi' (fuzzy match at position 41, excluding punctuation)
[Learner] Labeled certificate_number: '5182/CVC/10/2025' (exact match at position 4)
[Learner] Labeled chairman_name: 'Bakti Laksita' (fuzzy match at position 44, excluding punctuation)
[Learner] Labeled event_name: 'Training Accountant, chartered' (fuzzy match at position 13, excluding punctuation)
[Learner] Labeled recipient_name: 'Edward Nababan' (exact match at position 7)
[Learner] Labeled event_name: 'Workshop Museum/gallery curator' (fuzzy match at position 13, excluding punctuation)
[Learner] Labeled event_location: 'Jalan M.T Haryono No. 578
Bitung, Nusa Tenggara Barat 49578' (exact match at position 24)
[Learner] Labeled issue_place: 'Kota Denpasar' (fuzzy match at position 34, excluding punctuation)
[Learner] Labeled supervisor_name: 'drg. Zahra Aryani' (fuzzy match at position 42, excluding punctuation)
[Learner] Labeled certificate_number: '1515/CVC/04/2025' (exact match at position 4)
[Learner] Labeled chairman_name: 'Bagas Melani' (fuzzy match at position 45, excluding punctuation)
[Learner] Labeled event_date: '03 April 2025' (exact match at position 20)
[Learner] Labeled recipient_name: 'Nova Wasita' (exact match at position 7)
[Learner] Labeled event_name: 'Workshop Scientist, research (life sciences)' (fuzzy match at position 14, excluding punctuation)
[Learner] Labeled event_location: 'Jl. M.T Haryono No. 70
Tual, BA 79630' (exact match at position 27)
[Learner] Labeled issue_place: 'Seram Bagian Barat' (fuzzy match at position 35, excluding punctuation)
[Learner] Labeled supervisor_name: 'Halima Thamrin, S.I.Kom' (fuzzy match at position 44, excluding punctuation)
[Learner] Labeled certificate_number: '8897/CVC/07/2025' (exact match at position 4)
[Learner] Labeled chairman_name: 'Asmadi Palastri, S.H.' (fuzzy match at position 47, excluding punctuation)
[Learner] Labeled event_date: '11 July 2025' (exact match at position 23)
[Learner] Labeled recipient_name: 'Nugraha Uyainah, M.Ak' (exact match at position 7)
[Learner] Labeled event_name: 'Workshop Scientist, clinical (histocompatibility and immunogenetics)' (fuzzy match at position 14, excluding punctuation)
[Learner] Labeled event_location: 'Gang Asia Afrika No. 519
Bandung, RI 58072' (exact match at position 28)
[Learner] Labeled issue_place: 'Aceh Selatan' (fuzzy match at position 36, excluding punctuation)
[Learner] Labeled issue_date: '21 October 2024' (exact match at position 38)
[Learner] Labeled supervisor_name: 'dr. Faizah Hasanah' (fuzzy match at position 44, excluding punctuation)
[Learner] Labeled certificate_number: '2178/CVC/10/2024' (exact match at position 4)
[Learner] Labeled chairman_name: 'Harsana Permata' (fuzzy match at position 47, excluding punctuation)
[Learner] Labeled event_date: '09 October 2024' (exact match at position 24)
[Learner] Labeled recipient_name: 'Cindy Waluyo, S.I.Kom' (exact match at position 7)
[Learner] Labeled event_location: 'Gg. Cihampelas No. 565
Tomohon, NB 81853' (exact match at position 25)
[Learner] Labeled issue_place: 'Teluk Bintuni' (fuzzy match at position 32, excluding punctuation)
[Learner] Labeled supervisor_name: 'Wirda Usada' (fuzzy match at position 40, excluding punctuation)
[Learner] Labeled certificate_number: '9713/CVC/07/2025' (exact match at position 4)
[Learner] Labeled chairman_name: 'Ani Aryani' (fuzzy match at position 42, excluding punctuation)
[Learner] Labeled event_date: '25 June 2025' (exact match at position 21)
[Learner] Labeled event_name: 'Workshop Editorial assistant' (fuzzy match at position 14, excluding punctuation)
[Learner] Labeled recipient_name: 'Cagak Rahimah, S.Pd' (exact match at position 7)
[Learner] Labeled event_name: 'Training Research scientist (medical)' (fuzzy match at position 13, excluding punctuation)
[Learner] Labeled event_date: '20 February 2025' (exact match at position 21)
[Learner] Labeled event_location: 'Jl. Wonoayu No. 450
Bontang, BA 79218' (exact match at position 25)
[Learner] Labeled issue_place: 'Kota Tomohon' (fuzzy match at position 32, excluding punctuation)
[Learner] Labeled supervisor_name: 'Pia Waskita' (fuzzy match at position 40, excluding punctuation)
[Learner] Labeled certificate_number: '8905/CVC/02/2025' (exact match at position 4)
[Learner] Labeled chairman_name: 'Daniswara Melani' (fuzzy match at position 42, excluding punctuation)
[Learner] Labeled recipient_name: 'Cayadi Maryati' (exact match at position 7)
[Learner] Labeled recipient_name: 'Bella Suryatmi, S.T.' (exact match at position 7)
[Learner] Labeled event_name: 'Seminar Learning disability nurse' (fuzzy match at position 14, excluding punctuation)
[Learner] Labeled event_date: '02 December 2024' (exact match at position 22)
[Learner] Labeled event_location: 'Jl. BKR No. 9
Solok, Jambi 58237' (exact match at position 26)
[Learner] Labeled issue_place: 'Pidie Jaya' (fuzzy match at position 33, excluding punctuation)
[Learner] Labeled issue_date: '16 December 2024' (exact match at position 35)
[Learner] Labeled supervisor_name: 'Drs. Zaenab Pranowo, M.Kom.' (fuzzy match at position 41, excluding punctuation)
[Learner] Labeled certificate_number: '3511/CVC/12/2024' (exact match at position 4)
[Learner] Labeled chairman_name: 'Ajeng Damanik' (fuzzy match at position 45, excluding punctuation)
[Learner] Labeled event_name: 'Training Armed forces training and education officer' (fuzzy match at position 13, excluding punctuation)
[Learner] Labeled event_location: 'Gg. Ir. H. Djuanda No. 7
Probolinggo, Sumatera Barat 62347' (exact match at position 28)
[Learner] Labeled issue_place: 'Pesisir Barat' (fuzzy match at position 38, excluding punctuation)
[Learner] Labeled issue_date: '09 November 2024' (exact match at position 40)
[Learner] Labeled supervisor_name: 'Mahesa Laksita, S.H.' (fuzzy match at position 46, excluding punctuation)
[Learner] Labeled certificate_number: '988/CVC/11/2024' (exact match at position 4)
[Learner] Labeled chairman_name: 'Yuni Marbun' (fuzzy match at position 49, excluding punctuation)
[Learner] Labeled event_date: '26 October 2024' (exact match at position 24)
[Learner] Labeled recipient_name: 'Aditya Wibisono' (exact match at position 7)
[Learner] Labeled event_location: 'Gang Cihampelas No. 3
Tual, Papua 16162' (exact match at position 24)
[Learner] Labeled issue_place: 'Sorong' (fuzzy match at position 31, excluding punctuation)
[Learner] Labeled issue_date: '13 October 2024' (exact match at position 32)
[Learner] Labeled supervisor_name: 'Irma Rajata' (fuzzy match at position 38, excluding punctuation)
[Learner] Labeled certificate_number: '5928/CVC/10/2024' (exact match at position 4)
[Learner] Labeled chairman_name: 'H. Harjasa Laksita' (fuzzy match at position 40, excluding punctuation)
[Learner] Labeled event_date: '07 October 2024' (exact match at position 20)
[Learner] Labeled event_name: 'Training Psychologist, forensic' (fuzzy match at position 13, excluding punctuation)
[Learner] Labeled recipient_name: 'Septi Sinaga' (exact match at position 7)
[Learner] Labeled event_date: '21 December 2024' (exact match at position 21)
[Learner] Labeled event_location: 'Gang Pasirkoja No. 68
Kotamobagu, JB 50439' (exact match at position 25)
[Learner] Labeled issue_place: 'Buton Utara' (fuzzy match at position 32, excluding punctuation)
[Learner] Labeled issue_date: '26 December 2024' (exact match at position 34)
[Learner] Labeled supervisor_name: 'R. Darmana Wahyuni' (fuzzy match at position 40, excluding punctuation)
[Learner] Labeled certificate_number: '6879/CVC/12/2024' (exact match at position 4)
[Learner] Labeled chairman_name: 'Hari Santoso' (fuzzy match at position 43, excluding punctuation)
[Learner] Labeled event_name: 'Seminar Visual merchandiser' (fuzzy match at position 14, excluding punctuation)
[Learner] Labeled recipient_name: 'Bakti Kuswoyo, M.Ak' (exact match at position 7)
[Learner] Labeled event_location: 'Jl. Waringin No. 7
Cimahi, Maluku Utara 56149' (exact match at position 24)
[Learner] Labeled issue_place: 'Majene' (fuzzy match at position 32, excluding punctuation)
[Learner] Labeled issue_date: '24 June 2025' (exact match at position 33)
[Learner] Labeled supervisor_name: 'Jati Yuliarti, S.H.' (fuzzy match at position 39, excluding punctuation)
[Learner] Labeled certificate_number: '886/CVC/06/2025' (exact match at position 4)
[Learner] Labeled chairman_name: 'Tina Nashiruddin' (fuzzy match at position 42, excluding punctuation)
[Learner] Labeled event_date: '12 June 2025' (exact match at position 20)
[Learner] Labeled event_name: 'Training Maintenance engineer' (fuzzy match at position 13, excluding punctuation)
[Learner] Labeled recipient_name: 'Amelia Sirait' (exact match at position 7)
   Validation samples: 171

ðŸ” GRID SEARCH FOR BEST REGULARIZATION
====================================================================================================

ðŸ§ª Testing c1=0.01, c2=0.01...
   Train accuracy: 1.0000
   Val accuracy: 1.0000
   Overfitting gap: 0.0000
   âœ… NEW BEST MODEL!

ðŸ§ª Testing c1=0.01, c2=0.1...
   Train accuracy: 1.0000
   Val accuracy: 0.9984
   Overfitting gap: 0.0016

ðŸ§ª Testing c1=0.01, c2=0.5...
   Train accuracy: 1.0000
   Val accuracy: 0.9977
   Overfitting gap: 0.0023

ðŸ§ª Testing c1=0.01, c2=1.0...
   Train accuracy: 1.0000
   Val accuracy: 0.9970
   Overfitting gap: 0.0030

ðŸ§ª Testing c1=0.1, c2=0.01...
   Train accuracy: 1.0000
   Val accuracy: 1.0000
   Overfitting gap: 0.0000

ðŸ§ª Testing c1=0.1, c2=0.1...
   Train accuracy: 1.0000
   Val accuracy: 0.9996
   Overfitting gap: 0.0004

ðŸ§ª Testing c1=0.1, c2=0.5...
   Train accuracy: 1.0000
   Val accuracy: 0.9990
   Overfitting gap: 0.0010

ðŸ§ª Testing c1=0.1, c2=1.0...
   Train accuracy: 1.0000
   Val accuracy: 0.9987
   Overfitting gap: 0.0013

ðŸ§ª Testing c1=0.5, c2=0.01...
   Train accuracy: 1.0000
   Val accuracy: 1.0000
   Overfitting gap: 0.0000

ðŸ§ª Testing c1=0.5, c2=0.1...
   Train accuracy: 1.0000
   Val accuracy: 1.0000
   Overfitting gap: 0.0000

ðŸ§ª Testing c1=0.5, c2=0.5...
   Train accuracy: 1.0000
   Val accuracy: 0.9996
   Overfitting gap: 0.0004

ðŸ§ª Testing c1=0.5, c2=1.0...
   Train accuracy: 0.9998
   Val accuracy: 0.9980
   Overfitting gap: 0.0018

ðŸ§ª Testing c1=1.0, c2=0.01...
   Train accuracy: 0.9999
   Val accuracy: 1.0000
   Overfitting gap: -0.0001

ðŸ§ª Testing c1=1.0, c2=0.1...
   Train accuracy: 0.9997
   Val accuracy: 1.0000
   Overfitting gap: -0.0003

ðŸ§ª Testing c1=1.0, c2=0.5...
   Train accuracy: 0.9997
   Val accuracy: 0.9987
   Overfitting gap: 0.0010

ðŸ§ª Testing c1=1.0, c2=1.0...
   Train accuracy: 0.9996
   Val accuracy: 0.9980
   Overfitting gap: 0.0016

====================================================================================================
ðŸ“Š GRID SEARCH RESULTS
====================================================================================================
c1       c2       Train Acc    Val Acc      Gap          Status    
----------------------------------------------------------------------------------------------------
0.01     0.01     1.0000       1.0000       0.0000       âœ… BEST    
0.1      0.01     1.0000       1.0000       0.0000                 
0.5      0.01     1.0000       1.0000       0.0000                 
0.5      0.1      1.0000       1.0000       0.0000                 
1.0      0.01     0.9999       1.0000       -0.0001                
1.0      0.1      0.9997       1.0000       -0.0003                
0.1      0.1      1.0000       0.9996       0.0004                 
0.5      0.5      1.0000       0.9996       0.0004                 
0.1      0.5      1.0000       0.9990       0.0010                 
0.1      1.0      1.0000       0.9987       0.0013                 
1.0      0.5      0.9997       0.9987       0.0010                 
0.01     0.1      1.0000       0.9984       0.0016                 
0.5      1.0      0.9998       0.9980       0.0018                 
1.0      1.0      0.9996       0.9980       0.0016                 
0.01     0.5      1.0000       0.9977       0.0023                 
0.01     1.0      1.0000       0.9970       0.0030                 

ðŸ† BEST PARAMETERS:
   c1 (L1): 0.01
   c2 (L2): 0.01
   Validation Accuracy: 1.0000

ðŸ’¾ Saving best model to: models/template_1_model.joblib

ðŸ“ Saving training history...
âœ… Training history saved

====================================================================================================
ðŸŽ‰ TRAINING COMPLETE!
====================================================================================================
âœ… Best model saved to: models/template_1_model.joblib
âœ… Regularization: c1=0.01, c2=0.01
âœ… Validation Accuracy: 1.0000
âœ… Training samples: 682
âœ… Validation samples: 171

ðŸ’¡ Next steps:
   1. Test extraction on new documents
   2. Monitor accuracy trends
   3. Collect more feedback if needed

âœ… All done!
